# JRE version: OpenJDK Runtime Environment Temurin-17.0.10+7 (17.0.10+7) (build 17.0.10+7)
# Java VM: OpenJDK 64-Bit Server VM Temurin-17.0.10+7 (17.0.10+7, mixed mode, tiered, compressed oops, compressed class ptrs, parallel gc, windows-amd64)
GC Precious Log:
 CPUs: 8 total, 8 available
 Memory: 16118M
 Large Page Support: Disabled
 NUMA Support: Disabled
 Compressed Oops: Enabled (32-bit)
 Alignments: Space 512K, Generation 512K, Heap 2M
 Heap Min Capacity: 100M
 Heap Initial Capacity: 100M
 Heap Max Capacity: 1G
 Pre-touch: Disabled
 Parallel Workers: 8
Heap:
 PSYoungGen      total 4608K, used 1424K [0x00000000eab00000, 0x00000000eb100000, 0x0000000100000000)
  eden space 3072K, 0% used [0x00000000eab00000,0x00000000eab00000,0x00000000eae00000)
  from space 1536K, 92% used [0x00000000eae00000,0x00000000eaf64000,0x00000000eaf80000)
  to   space 1536K, 0% used [0x00000000eaf80000,0x00000000eaf80000,0x00000000eb100000)
 ParOldGen       total 112640K, used 111219K [0x00000000c0000000, 0x00000000c6e00000, 0x00000000eab00000)
  object space 112640K, 98% used [0x00000000c0000000,0x00000000c6c9ce08,0x00000000c6e00000)
 Metaspace       used 82014K, committed 83520K, reserved 1179648K
  class space    used 8708K, committed 9344K, reserved 1048576K
GC Heap History (20 events):
Event: 131.635 GC heap after
{Heap after GC invocations=317 (full 10):
 PSYoungGen      total 2048K, used 576K [0x00000000eab00000, 0x00000000eaf80000, 0x0000000100000000)
  eden space 1024K, 0% used [0x00000000eab00000,0x00000000eab00000,0x00000000eac00000)
  from space 1024K, 56% used [0x00000000eae80000,0x00000000eaf10000,0x00000000eaf80000)
  to   space 1024K, 0% used [0x00000000ead80000,0x00000000ead80000,0x00000000eae80000)
 ParOldGen       total 89088K, used 68676K [0x00000000c0000000, 0x00000000c5700000, 0x00000000eab00000)
  object space 89088K, 77% used [0x00000000c0000000,0x00000000c4311250,0x00000000c5700000)
 Metaspace       used 81957K, committed 83520K, reserved 1179648K
  class space    used 8707K, committed 9344K, reserved 1048576K
}
Event: 131.637 GC heap before
{Heap before GC invocations=318 (full 10):
 PSYoungGen      total 2048K, used 1600K [0x00000000eab00000, 0x00000000eaf80000, 0x0000000100000000)
  eden space 1024K, 100% used [0x00000000eab00000,0x00000000eac00000,0x00000000eac00000)
  from space 1024K, 56% used [0x00000000eae80000,0x00000000eaf10000,0x00000000eaf80000)
  to   space 1024K, 0% used [0x00000000ead80000,0x00000000ead80000,0x00000000eae80000)
 ParOldGen       total 89088K, used 68676K [0x00000000c0000000, 0x00000000c5700000, 0x00000000eab00000)
  object space 89088K, 77% used [0x00000000c0000000,0x00000000c4311250,0x00000000c5700000)
 Metaspace       used 81957K, committed 83520K, reserved 1179648K
  class space    used 8707K, committed 9344K, reserved 1048576K
}
Event: 131.640 GC heap after
{Heap after GC invocations=318 (full 10):
 PSYoungGen      total 2560K, used 1009K [0x00000000eab00000, 0x00000000eb080000, 0x0000000100000000)
  eden space 1536K, 0% used [0x00000000eab00000,0x00000000eab00000,0x00000000eac80000)
  from space 1024K, 98% used [0x00000000ead80000,0x00000000eae7c7a0,0x00000000eae80000)
  to   space 2048K, 0% used [0x00000000eae80000,0x00000000eae80000,0x00000000eb080000)
 ParOldGen       total 89088K, used 69162K [0x00000000c0000000, 0x00000000c5700000, 0x00000000eab00000)
  object space 89088K, 77% used [0x00000000c0000000,0x00000000c438a800,0x00000000c5700000)
 Metaspace       used 81957K, committed 83520K, reserved 1179648K
  class space    used 8707K, committed 9344K, reserved 1048576K
}
Event: 131.647 GC heap before
{Heap before GC invocations=319 (full 10):
 PSYoungGen      total 2560K, used 2545K [0x00000000eab00000, 0x00000000eb080000, 0x0000000100000000)
  eden space 1536K, 100% used [0x00000000eab00000,0x00000000eac80000,0x00000000eac80000)
  from space 1024K, 98% used [0x00000000ead80000,0x00000000eae7c7a0,0x00000000eae80000)
  to   space 2048K, 0% used [0x00000000eae80000,0x00000000eae80000,0x00000000eb080000)
 ParOldGen       total 89088K, used 69162K [0x00000000c0000000, 0x00000000c5700000, 0x00000000eab00000)
  object space 89088K, 77% used [0x00000000c0000000,0x00000000c438a800,0x00000000c5700000)
 Metaspace       used 81957K, committed 83520K, reserved 1179648K
  class space    used 8707K, committed 9344K, reserved 1048576K
}
Event: 131.651 GC heap after
{Heap after GC invocations=319 (full 10):
 PSYoungGen      total 3584K, used 1611K [0x00000000eab00000, 0x00000000eb100000, 0x0000000100000000)
  eden space 1536K, 0% used [0x00000000eab00000,0x00000000eab00000,0x00000000eac80000)
  from space 2048K, 78% used [0x00000000eae80000,0x00000000eb012f78,0x00000000eb080000)
  to   space 2048K, 0% used [0x00000000eac80000,0x00000000eac80000,0x00000000eae80000)
 ParOldGen       total 89088K, used 70143K [0x00000000c0000000, 0x00000000c5700000, 0x00000000eab00000)
  object space 89088K, 78% used [0x00000000c0000000,0x00000000c447fc40,0x00000000c5700000)
 Metaspace       used 81957K, committed 83520K, reserved 1179648K
  class space    used 8707K, committed 9344K, reserved 1048576K
}
Event: 131.655 GC heap before
{Heap before GC invocations=320 (full 10):
 PSYoungGen      total 3584K, used 3147K [0x00000000eab00000, 0x00000000eb100000, 0x0000000100000000)
  eden space 1536K, 100% used [0x00000000eab00000,0x00000000eac80000,0x00000000eac80000)
  from space 2048K, 78% used [0x00000000eae80000,0x00000000eb012f78,0x00000000eb080000)
  to   space 2048K, 0% used [0x00000000eac80000,0x00000000eac80000,0x00000000eae80000)
 ParOldGen       total 89088K, used 70143K [0x00000000c0000000, 0x00000000c5700000, 0x00000000eab00000)
  object space 89088K, 78% used [0x00000000c0000000,0x00000000c447fc40,0x00000000c5700000)
 Metaspace       used 81957K, committed 83520K, reserved 1179648K
  class space    used 8707K, committed 9344K, reserved 1048576K
}
Event: 131.659 GC heap after
{Heap after GC invocations=320 (full 10):
 PSYoungGen      total 3584K, used 1655K [0x00000000eab00000, 0x00000000eb100000, 0x0000000100000000)
  eden space 1536K, 0% used [0x00000000eab00000,0x00000000eab00000,0x00000000eac80000)
  from space 2048K, 80% used [0x00000000eac80000,0x00000000eae1de40,0x00000000eae80000)
  to   space 2048K, 0% used [0x00000000eaf00000,0x00000000eaf00000,0x00000000eb100000)
 ParOldGen       total 89088K, used 71667K [0x00000000c0000000, 0x00000000c5700000, 0x00000000eab00000)
  object space 89088K, 80% used [0x00000000c0000000,0x00000000c45fce00,0x00000000c5700000)
 Metaspace       used 81957K, committed 83520K, reserved 1179648K
  class space    used 8707K, committed 9344K, reserved 1048576K
}
Event: 131.665 GC heap before
{Heap before GC invocations=321 (full 10):
 PSYoungGen      total 3584K, used 3191K [0x00000000eab00000, 0x00000000eb100000, 0x0000000100000000)
  eden space 1536K, 100% used [0x00000000eab00000,0x00000000eac80000,0x00000000eac80000)
  from space 2048K, 80% used [0x00000000eac80000,0x00000000eae1de40,0x00000000eae80000)
  to   space 2048K, 0% used [0x00000000eaf00000,0x00000000eaf00000,0x00000000eb100000)
 ParOldGen       total 89088K, used 71667K [0x00000000c0000000, 0x00000000c5700000, 0x00000000eab00000)
  object space 89088K, 80% used [0x00000000c0000000,0x00000000c45fce00,0x00000000c5700000)
 Metaspace       used 81957K, committed 83520K, reserved 1179648K
  class space    used 8707K, committed 9344K, reserved 1048576K
}
Event: 131.669 GC heap after
{Heap after GC invocations=321 (full 10):
 PSYoungGen      total 4096K, used 1557K [0x00000000eab00000, 0x00000000eb100000, 0x0000000100000000)
  eden space 2048K, 0% used [0x00000000eab00000,0x00000000eab00000,0x00000000ead00000)
  from space 2048K, 76% used [0x00000000eaf00000,0x00000000eb085520,0x00000000eb100000)
  to   space 2048K, 0% used [0x00000000ead00000,0x00000000ead00000,0x00000000eaf00000)
 ParOldGen       total 89088K, used 73184K [0x00000000c0000000, 0x00000000c5700000, 0x00000000eab00000)
  object space 89088K, 82% used [0x00000000c0000000,0x00000000c4778300,0x00000000c5700000)
 Metaspace       used 81957K, committed 83520K, reserved 1179648K
  class space    used 8707K, committed 9344K, reserved 1048576K
}
Event: 131.676 GC heap before
{Heap before GC invocations=322 (full 10):
 PSYoungGen      total 4096K, used 3605K [0x00000000eab00000, 0x00000000eb100000, 0x0000000100000000)
  eden space 2048K, 100% used [0x00000000eab00000,0x00000000ead00000,0x00000000ead00000)
  from space 2048K, 76% used [0x00000000eaf00000,0x00000000eb085520,0x00000000eb100000)
  to   space 2048K, 0% used [0x00000000ead00000,0x00000000ead00000,0x00000000eaf00000)
 ParOldGen       total 89088K, used 73184K [0x00000000c0000000, 0x00000000c5700000, 0x00000000eab00000)
  object space 89088K, 82% used [0x00000000c0000000,0x00000000c4778300,0x00000000c5700000)
 Metaspace       used 81959K, committed 83520K, reserved 1179648K
  class space    used 8707K, committed 9344K, reserved 1048576K
}
Event: 131.679 GC heap after
{Heap after GC invocations=322 (full 10):
 PSYoungGen      total 4096K, used 1647K [0x00000000eab00000, 0x00000000eb180000, 0x0000000100000000)
  eden space 2048K, 0% used [0x00000000eab00000,0x00000000eab00000,0x00000000ead00000)
  from space 2048K, 80% used [0x00000000ead00000,0x00000000eae9bee0,0x00000000eaf00000)
  to   space 2048K, 0% used [0x00000000eaf80000,0x00000000eaf80000,0x00000000eb180000)
 ParOldGen       total 89088K, used 74714K [0x00000000c0000000, 0x00000000c5700000, 0x00000000eab00000)
  object space 89088K, 83% used [0x00000000c0000000,0x00000000c48f6a30,0x00000000c5700000)
 Metaspace       used 81959K, committed 83520K, reserved 1179648K
  class space    used 8707K, committed 9344K, reserved 1048576K
}
Event: 131.687 GC heap before
{Heap before GC invocations=323 (full 10):
 PSYoungGen      total 4096K, used 3695K [0x00000000eab00000, 0x00000000eb180000, 0x0000000100000000)
  eden space 2048K, 100% used [0x00000000eab00000,0x00000000ead00000,0x00000000ead00000)
  from space 2048K, 80% used [0x00000000ead00000,0x00000000eae9bee0,0x00000000eaf00000)
  to   space 2048K, 0% used [0x00000000eaf80000,0x00000000eaf80000,0x00000000eb180000)
 ParOldGen       total 89088K, used 74714K [0x00000000c0000000, 0x00000000c5700000, 0x00000000eab00000)
  object space 89088K, 83% used [0x00000000c0000000,0x00000000c48f6a30,0x00000000c5700000)
 Metaspace       used 81959K, committed 83520K, reserved 1179648K
  class space    used 8707K, committed 9344K, reserved 1048576K
}
Event: 131.689 GC heap after
{Heap after GC invocations=323 (full 10):
 PSYoungGen      total 4608K, used 1979K [0x00000000eab00000, 0x00000000eb180000, 0x0000000100000000)
  eden space 2560K, 0% used [0x00000000eab00000,0x00000000eab00000,0x00000000ead80000)
  from space 2048K, 96% used [0x00000000eaf80000,0x00000000eb16edf0,0x00000000eb180000)
  to   space 2048K, 0% used [0x00000000ead80000,0x00000000ead80000,0x00000000eaf80000)
 ParOldGen       total 89088K, used 76072K [0x00000000c0000000, 0x00000000c5700000, 0x00000000eab00000)
  object space 89088K, 85% used [0x00000000c0000000,0x00000000c4a4a358,0x00000000c5700000)
 Metaspace       used 81959K, committed 83520K, reserved 1179648K
  class space    used 8707K, committed 9344K, reserved 1048576K
}
Event: 131.714 GC heap before
{Heap before GC invocations=324 (full 10):
 PSYoungGen      total 4608K, used 4539K [0x00000000eab00000, 0x00000000eb180000, 0x0000000100000000)
  eden space 2560K, 100% used [0x00000000eab00000,0x00000000ead80000,0x00000000ead80000)
  from space 2048K, 96% used [0x00000000eaf80000,0x00000000eb16edf0,0x00000000eb180000)
  to   space 2048K, 0% used [0x00000000ead80000,0x00000000ead80000,0x00000000eaf80000)
 ParOldGen       total 89088K, used 76072K [0x00000000c0000000, 0x00000000c5700000, 0x00000000eab00000)
  object space 89088K, 85% used [0x00000000c0000000,0x00000000c4a4a358,0x00000000c5700000)
 Metaspace       used 81965K, committed 83520K, reserved 1179648K
  class space    used 8707K, committed 9344K, reserved 1048576K
}
Event: 131.717 GC heap after
{Heap after GC invocations=324 (full 10):
 PSYoungGen      total 4608K, used 1584K [0x00000000eab00000, 0x00000000eb200000, 0x0000000100000000)
  eden space 2560K, 0% used [0x00000000eab00000,0x00000000eab00000,0x00000000ead80000)
  from space 2048K, 77% used [0x00000000ead80000,0x00000000eaf0c000,0x00000000eaf80000)
  to   space 2048K, 0% used [0x00000000eb000000,0x00000000eb000000,0x00000000eb200000)
 ParOldGen       total 89088K, used 77502K [0x00000000c0000000, 0x00000000c5700000, 0x00000000eab00000)
  object space 89088K, 86% used [0x00000000c0000000,0x00000000c4baf828,0x00000000c5700000)
 Metaspace       used 81965K, committed 83520K, reserved 1179648K
  class space    used 8707K, committed 9344K, reserved 1048576K
}
Event: 131.737 GC heap before
{Heap before GC invocations=325 (full 10):
 PSYoungGen      total 4608K, used 3880K [0x00000000eab00000, 0x00000000eb200000, 0x0000000100000000)
  eden space 2560K, 89% used [0x00000000eab00000,0x00000000ead3e3e8,0x00000000ead80000)
  from space 2048K, 77% used [0x00000000ead80000,0x00000000eaf0c000,0x00000000eaf80000)
  to   space 2048K, 0% used [0x00000000eb000000,0x00000000eb000000,0x00000000eb200000)
 ParOldGen       total 89088K, used 77502K [0x00000000c0000000, 0x00000000c5700000, 0x00000000eab00000)
  object space 89088K, 86% used [0x00000000c0000000,0x00000000c4baf828,0x00000000c5700000)
 Metaspace       used 81990K, committed 83520K, reserved 1179648K
  class space    used 8708K, committed 9344K, reserved 1048576K
}
Event: 131.740 GC heap after
{Heap after GC invocations=325 (full 10):
 PSYoungGen      total 5120K, used 1616K [0x00000000eab00000, 0x00000000eb200000, 0x0000000100000000)
  eden space 3072K, 0% used [0x00000000eab00000,0x00000000eab00000,0x00000000eae00000)
  from space 2048K, 78% used [0x00000000eb000000,0x00000000eb194000,0x00000000eb200000)
  to   space 2048K, 0% used [0x00000000eae00000,0x00000000eae00000,0x00000000eb000000)
 ParOldGen       total 89088K, used 78963K [0x00000000c0000000, 0x00000000c5700000, 0x00000000eab00000)
  object space 89088K, 88% used [0x00000000c0000000,0x00000000c4d1cdd8,0x00000000c5700000)
 Metaspace       used 81990K, committed 83520K, reserved 1179648K
  class space    used 8708K, committed 9344K, reserved 1048576K
}
Event: 131.911 GC heap before
{Heap before GC invocations=326 (full 10):
 PSYoungGen      total 5120K, used 4569K [0x00000000eab00000, 0x00000000eb200000, 0x0000000100000000)
  eden space 3072K, 96% used [0x00000000eab00000,0x00000000eade2600,0x00000000eae00000)
  from space 2048K, 78% used [0x00000000eb000000,0x00000000eb194000,0x00000000eb200000)
  to   space 2048K, 0% used [0x00000000eae00000,0x00000000eae00000,0x00000000eb000000)
 ParOldGen       total 112640K, used 109683K [0x00000000c0000000, 0x00000000c6e00000, 0x00000000eab00000)
  object space 112640K, 97% used [0x00000000c0000000,0x00000000c6b1ce08,0x00000000c6e00000)
 Metaspace       used 82014K, committed 83520K, reserved 1179648K
  class space    used 8708K, committed 9344K, reserved 1048576K
}
Event: 131.915 GC heap after
{Heap after GC invocations=326 (full 10):
 PSYoungGen      total 4608K, used 1424K [0x00000000eab00000, 0x00000000eb100000, 0x0000000100000000)
  eden space 3072K, 0% used [0x00000000eab00000,0x00000000eab00000,0x00000000eae00000)
  from space 1536K, 92% used [0x00000000eae00000,0x00000000eaf64000,0x00000000eaf80000)
  to   space 1536K, 0% used [0x00000000eaf80000,0x00000000eaf80000,0x00000000eb100000)
 ParOldGen       total 112640K, used 111219K [0x00000000c0000000, 0x00000000c6e00000, 0x00000000eab00000)
  object space 112640K, 98% used [0x00000000c0000000,0x00000000c6c9ce08,0x00000000c6e00000)
 Metaspace       used 82014K, committed 83520K, reserved 1179648K
  class space    used 8708K, committed 9344K, reserved 1048576K
}
Event: 131.915 GC heap before
{Heap before GC invocations=327 (full 11):
 PSYoungGen      total 4608K, used 1424K [0x00000000eab00000, 0x00000000eb100000, 0x0000000100000000)
  eden space 3072K, 0% used [0x00000000eab00000,0x00000000eab00000,0x00000000eae00000)
  from space 1536K, 92% used [0x00000000eae00000,0x00000000eaf64000,0x00000000eaf80000)
  to   space 1536K, 0% used [0x00000000eaf80000,0x00000000eaf80000,0x00000000eb100000)
 ParOldGen       total 112640K, used 111219K [0x00000000c0000000, 0x00000000c6e00000, 0x00000000eab00000)
  object space 112640K, 98% used [0x00000000c0000000,0x00000000c6c9ce08,0x00000000c6e00000)
 Metaspace       used 82014K, committed 83520K, reserved 1179648K
  class space    used 8708K, committed 9344K, reserved 1048576K
}

