# JRE version: Java(TM) SE Runtime Environment (21.0+35) (build 21+35-LTS-2513)
# Java VM: Java HotSpot(TM) 64-Bit Server VM (21+35-LTS-2513, mixed mode, sharing, tiered, compressed oops, compressed class ptrs, g1 gc, windows-amd64)
GC Precious Log:
 CardTable entry size: 512
 Card Set container configuration: InlinePtr #cards 4 size 8 Array Of Cards #cards 16 size 48 Howl #buckets 8 coarsen threshold 3686 Howl Bitmap #cards 512 size 80 coarsen threshold 460 Card regions per heap region 1 cards per card region 4096
 CPUs: 8 total, 8 available
 Memory: 16118M
 Large Page Support: Disabled
 NUMA Support: Disabled
 Compressed Oops: Enabled (Zero based)
 Heap Region Size: 2M
 Heap Min Capacity: 8M
 Heap Initial Capacity: 252M
 Heap Max Capacity: 4030M
 Pre-touch: Disabled
 Parallel Workers: 8
 Concurrent Workers: 2
 Concurrent Refinement Workers: 8
 Periodic GC: Disabled
Heap:
 garbage-first heap   total 73728K, used 59957K [0x0000000704200000, 0x0000000800000000)
  region size 2048K, 17 young (34816K), 2 survivors (4096K)
 Metaspace       used 69588K, committed 70336K, reserved 1114112K
  class space    used 9261K, committed 9600K, reserved 1048576K
GC Heap History (20 events):
Event: 0.607 GC heap after
{Heap after GC invocations=1 (full 0):
 garbage-first heap   total 258048K, used 8479K [0x0000000704200000, 0x0000000800000000)
  region size 2048K, 2 young (4096K), 2 survivors (4096K)
 Metaspace       used 4933K, committed 5248K, reserved 1114112K
  class space    used 547K, committed 704K, reserved 1048576K
}
Event: 1.111 GC heap before
{Heap before GC invocations=1 (full 0):
 garbage-first heap   total 258048K, used 33055K [0x0000000704200000, 0x0000000800000000)
  region size 2048K, 14 young (28672K), 2 survivors (4096K)
 Metaspace       used 11129K, committed 11456K, reserved 1114112K
  class space    used 1331K, committed 1472K, reserved 1048576K
}
Event: 1.115 GC heap after
{Heap after GC invocations=2 (full 0):
 garbage-first heap   total 258048K, used 10100K [0x0000000704200000, 0x0000000800000000)
  region size 2048K, 1 young (2048K), 1 survivors (2048K)
 Metaspace       used 11129K, committed 11456K, reserved 1114112K
  class space    used 1331K, committed 1472K, reserved 1048576K
}
Event: 2.165 GC heap before
{Heap before GC invocations=2 (full 0):
 garbage-first heap   total 258048K, used 63348K [0x0000000704200000, 0x0000000800000000)
  region size 2048K, 29 young (59392K), 1 survivors (2048K)
 Metaspace       used 21160K, committed 21504K, reserved 1114112K
  class space    used 2568K, committed 2752K, reserved 1048576K
}
Event: 2.170 GC heap after
{Heap after GC invocations=3 (full 0):
 garbage-first heap   total 258048K, used 15200K [0x0000000704200000, 0x0000000800000000)
  region size 2048K, 4 young (8192K), 4 survivors (8192K)
 Metaspace       used 21160K, committed 21504K, reserved 1114112K
  class space    used 2568K, committed 2752K, reserved 1048576K
}
Event: 3.364 GC heap before
{Heap before GC invocations=4 (full 0):
 garbage-first heap   total 61440K, used 60256K [0x0000000704200000, 0x0000000800000000)
  region size 2048K, 26 young (53248K), 4 survivors (8192K)
 Metaspace       used 30133K, committed 30592K, reserved 1114112K
  class space    used 3774K, committed 3968K, reserved 1048576K
}
Event: 3.372 GC heap after
{Heap after GC invocations=5 (full 0):
 garbage-first heap   total 73728K, used 20025K [0x0000000704200000, 0x0000000800000000)
  region size 2048K, 6 young (12288K), 6 survivors (12288K)
 Metaspace       used 30133K, committed 30592K, reserved 1114112K
  class space    used 3774K, committed 3968K, reserved 1048576K
}
Event: 4.040 GC heap before
{Heap before GC invocations=5 (full 0):
 garbage-first heap   total 73728K, used 40505K [0x0000000704200000, 0x0000000800000000)
  region size 2048K, 17 young (34816K), 6 survivors (12288K)
 Metaspace       used 35423K, committed 35968K, reserved 1114112K
  class space    used 4410K, committed 4672K, reserved 1048576K
}
Event: 4.049 GC heap after
{Heap after GC invocations=6 (full 0):
 garbage-first heap   total 73728K, used 21285K [0x0000000704200000, 0x0000000800000000)
  region size 2048K, 2 young (4096K), 2 survivors (4096K)
 Metaspace       used 35423K, committed 35968K, reserved 1114112K
  class space    used 4410K, committed 4672K, reserved 1048576K
}
Event: 4.067 GC heap before
{Heap before GC invocations=6 (full 0):
 garbage-first heap   total 73728K, used 21285K [0x0000000704200000, 0x0000000800000000)
  region size 2048K, 3 young (6144K), 2 survivors (4096K)
 Metaspace       used 35780K, committed 36288K, reserved 1114112K
  class space    used 4447K, committed 4672K, reserved 1048576K
}
Event: 4.069 GC heap after
{Heap after GC invocations=7 (full 0):
 garbage-first heap   total 73728K, used 20849K [0x0000000704200000, 0x0000000800000000)
  region size 2048K, 2 young (4096K), 2 survivors (4096K)
 Metaspace       used 35780K, committed 36288K, reserved 1114112K
  class space    used 4447K, committed 4672K, reserved 1048576K
}
Event: 5.322 GC heap before
{Heap before GC invocations=8 (full 0):
 garbage-first heap   total 73728K, used 55665K [0x0000000704200000, 0x0000000800000000)
  region size 2048K, 20 young (40960K), 2 survivors (4096K)
 Metaspace       used 47416K, committed 48000K, reserved 1114112K
  class space    used 6066K, committed 6336K, reserved 1048576K
}
Event: 5.326 GC heap after
{Heap after GC invocations=9 (full 0):
 garbage-first heap   total 73728K, used 23187K [0x0000000704200000, 0x0000000800000000)
  region size 2048K, 3 young (6144K), 3 survivors (6144K)
 Metaspace       used 47416K, committed 48000K, reserved 1114112K
  class space    used 6066K, committed 6336K, reserved 1048576K
}
Event: 6.088 GC heap before
{Heap before GC invocations=9 (full 0):
 garbage-first heap   total 73728K, used 58003K [0x0000000704200000, 0x0000000800000000)
  region size 2048K, 21 young (43008K), 3 survivors (6144K)
 Metaspace       used 58130K, committed 58688K, reserved 1114112K
  class space    used 7679K, committed 7936K, reserved 1048576K
}
Event: 6.093 GC heap after
{Heap after GC invocations=10 (full 0):
 garbage-first heap   total 73728K, used 24928K [0x0000000704200000, 0x0000000800000000)
  region size 2048K, 3 young (6144K), 3 survivors (6144K)
 Metaspace       used 58130K, committed 58688K, reserved 1114112K
  class space    used 7679K, committed 7936K, reserved 1048576K
}
Event: 6.307 GC heap before
{Heap before GC invocations=10 (full 0):
 garbage-first heap   total 73728K, used 35168K [0x0000000704200000, 0x0000000800000000)
  region size 2048K, 9 young (18432K), 3 survivors (6144K)
 Metaspace       used 60529K, committed 61056K, reserved 1114112K
  class space    used 7951K, committed 8192K, reserved 1048576K
}
Event: 6.310 GC heap after
{Heap after GC invocations=11 (full 0):
 garbage-first heap   total 73728K, used 26046K [0x0000000704200000, 0x0000000800000000)
  region size 2048K, 2 young (4096K), 2 survivors (4096K)
 Metaspace       used 60529K, committed 61056K, reserved 1114112K
  class space    used 7951K, committed 8192K, reserved 1048576K
}
Event: 7.125 GC heap before
{Heap before GC invocations=12 (full 0):
 garbage-first heap   total 73728K, used 60862K [0x0000000704200000, 0x0000000800000000)
  region size 2048K, 19 young (38912K), 2 survivors (4096K)
 Metaspace       used 63967K, committed 64576K, reserved 1114112K
  class space    used 8507K, committed 8768K, reserved 1048576K
}
Event: 7.130 GC heap after
{Heap after GC invocations=13 (full 0):
 garbage-first heap   total 73728K, used 29237K [0x0000000704200000, 0x0000000800000000)
  region size 2048K, 3 young (6144K), 3 survivors (6144K)
 Metaspace       used 63967K, committed 64576K, reserved 1114112K
  class space    used 8507K, committed 8768K, reserved 1048576K
}
Event: 12.921 GC heap before
{Heap before GC invocations=13 (full 0):
 garbage-first heap   total 73728K, used 59957K [0x0000000704200000, 0x0000000800000000)
  region size 2048K, 18 young (36864K), 3 survivors (6144K)
 Metaspace       used 69588K, committed 70336K, reserved 1114112K
  class space    used 9261K, committed 9600K, reserved 1048576K
}

