# JRE version: OpenJDK Runtime Environment Temurin-17.0.10+7 (17.0.10+7) (build 17.0.10+7)
# Java VM: OpenJDK 64-Bit Server VM Temurin-17.0.10+7 (17.0.10+7, mixed mode, tiered, compressed oops, compressed class ptrs, parallel gc, windows-amd64)
GC Precious Log:
 CPUs: 8 total, 8 available
 Memory: 16118M
 Large Page Support: Disabled
 NUMA Support: Disabled
 Compressed Oops: Enabled (32-bit)
 Alignments: Space 512K, Generation 512K, Heap 2M
 Heap Min Capacity: 100M
 Heap Initial Capacity: 100M
 Heap Max Capacity: 1G
 Pre-touch: Disabled
 Parallel Workers: 8
Heap:
 PSYoungGen      total 8192K, used 1323K [0x00000000eab00000, 0x00000000eb480000, 0x0000000100000000)
  eden space 7680K, 10% used [0x00000000eab00000,0x00000000eabcec28,0x00000000eb280000)
  from space 512K, 96% used [0x00000000eb380000,0x00000000eb3fc030,0x00000000eb400000)
  to   space 1024K, 0% used [0x00000000eb280000,0x00000000eb280000,0x00000000eb380000)
 ParOldGen       total 79360K, used 69436K [0x00000000c0000000, 0x00000000c4d80000, 0x00000000eab00000)
  object space 79360K, 87% used [0x00000000c0000000,0x00000000c43cf308,0x00000000c4d80000)
 Metaspace       used 79035K, committed 80640K, reserved 1179648K
  class space    used 8309K, committed 9024K, reserved 1048576K
GC Heap History (20 events):
Event: 1103.725 GC heap before
{Heap before GC invocations=196 (full 6):
 PSYoungGen      total 8704K, used 8400K [0x00000000eab00000, 0x00000000eb480000, 0x0000000100000000)
  eden space 7680K, 100% used [0x00000000eab00000,0x00000000eb280000,0x00000000eb280000)
  from space 1024K, 70% used [0x00000000eb380000,0x00000000eb434090,0x00000000eb480000)
  to   space 1024K, 0% used [0x00000000eb280000,0x00000000eb280000,0x00000000eb380000)
 ParOldGen       total 79360K, used 68844K [0x00000000c0000000, 0x00000000c4d80000, 0x00000000eab00000)
  object space 79360K, 86% used [0x00000000c0000000,0x00000000c433b2a8,0x00000000c4d80000)
 Metaspace       used 78922K, committed 80448K, reserved 1179648K
  class space    used 8308K, committed 9024K, reserved 1048576K
}
Event: 1103.726 GC heap after
{Heap after GC invocations=196 (full 6):
 PSYoungGen      total 8704K, used 544K [0x00000000eab00000, 0x00000000eb480000, 0x0000000100000000)
  eden space 7680K, 0% used [0x00000000eab00000,0x00000000eab00000,0x00000000eb280000)
  from space 1024K, 53% used [0x00000000eb280000,0x00000000eb308060,0x00000000eb380000)
  to   space 1024K, 0% used [0x00000000eb380000,0x00000000eb380000,0x00000000eb480000)
 ParOldGen       total 79360K, used 68892K [0x00000000c0000000, 0x00000000c4d80000, 0x00000000eab00000)
  object space 79360K, 86% used [0x00000000c0000000,0x00000000c43472a8,0x00000000c4d80000)
 Metaspace       used 78922K, committed 80448K, reserved 1179648K
  class space    used 8308K, committed 9024K, reserved 1048576K
}
Event: 1115.781 GC heap before
{Heap before GC invocations=197 (full 6):
 PSYoungGen      total 8704K, used 8224K [0x00000000eab00000, 0x00000000eb480000, 0x0000000100000000)
  eden space 7680K, 100% used [0x00000000eab00000,0x00000000eb280000,0x00000000eb280000)
  from space 1024K, 53% used [0x00000000eb280000,0x00000000eb308060,0x00000000eb380000)
  to   space 1024K, 0% used [0x00000000eb380000,0x00000000eb380000,0x00000000eb480000)
 ParOldGen       total 79360K, used 68892K [0x00000000c0000000, 0x00000000c4d80000, 0x00000000eab00000)
  object space 79360K, 86% used [0x00000000c0000000,0x00000000c43472a8,0x00000000c4d80000)
 Metaspace       used 78927K, committed 80448K, reserved 1179648K
  class space    used 8308K, committed 9024K, reserved 1048576K
}
Event: 1115.782 GC heap after
{Heap after GC invocations=197 (full 6):
 PSYoungGen      total 8192K, used 416K [0x00000000eab00000, 0x00000000eb400000, 0x0000000100000000)
  eden space 7680K, 0% used [0x00000000eab00000,0x00000000eab00000,0x00000000eb280000)
  from space 512K, 81% used [0x00000000eb380000,0x00000000eb3e8020,0x00000000eb400000)
  to   space 512K, 0% used [0x00000000eb300000,0x00000000eb300000,0x00000000eb380000)
 ParOldGen       total 79360K, used 69076K [0x00000000c0000000, 0x00000000c4d80000, 0x00000000eab00000)
  object space 79360K, 87% used [0x00000000c0000000,0x00000000c43752e8,0x00000000c4d80000)
 Metaspace       used 78927K, committed 80448K, reserved 1179648K
  class space    used 8308K, committed 9024K, reserved 1048576K
}
Event: 1130.062 GC heap before
{Heap before GC invocations=198 (full 6):
 PSYoungGen      total 8192K, used 8096K [0x00000000eab00000, 0x00000000eb400000, 0x0000000100000000)
  eden space 7680K, 100% used [0x00000000eab00000,0x00000000eb280000,0x00000000eb280000)
  from space 512K, 81% used [0x00000000eb380000,0x00000000eb3e8020,0x00000000eb400000)
  to   space 512K, 0% used [0x00000000eb300000,0x00000000eb300000,0x00000000eb380000)
 ParOldGen       total 79360K, used 69076K [0x00000000c0000000, 0x00000000c4d80000, 0x00000000eab00000)
  object space 79360K, 87% used [0x00000000c0000000,0x00000000c43752e8,0x00000000c4d80000)
 Metaspace       used 78937K, committed 80448K, reserved 1179648K
  class space    used 8308K, committed 9024K, reserved 1048576K
}
Event: 1130.063 GC heap after
{Heap after GC invocations=198 (full 6):
 PSYoungGen      total 8192K, used 288K [0x00000000eab00000, 0x00000000eb400000, 0x0000000100000000)
  eden space 7680K, 0% used [0x00000000eab00000,0x00000000eab00000,0x00000000eb280000)
  from space 512K, 56% used [0x00000000eb300000,0x00000000eb348000,0x00000000eb380000)
  to   space 512K, 0% used [0x00000000eb380000,0x00000000eb380000,0x00000000eb400000)
 ParOldGen       total 79360K, used 69196K [0x00000000c0000000, 0x00000000c4d80000, 0x00000000eab00000)
  object space 79360K, 87% used [0x00000000c0000000,0x00000000c4393308,0x00000000c4d80000)
 Metaspace       used 78937K, committed 80448K, reserved 1179648K
  class space    used 8308K, committed 9024K, reserved 1048576K
}
Event: 1193.857 GC heap before
{Heap before GC invocations=199 (full 6):
 PSYoungGen      total 8192K, used 7968K [0x00000000eab00000, 0x00000000eb400000, 0x0000000100000000)
  eden space 7680K, 100% used [0x00000000eab00000,0x00000000eb280000,0x00000000eb280000)
  from space 512K, 56% used [0x00000000eb300000,0x00000000eb348000,0x00000000eb380000)
  to   space 512K, 0% used [0x00000000eb380000,0x00000000eb380000,0x00000000eb400000)
 ParOldGen       total 79360K, used 69196K [0x00000000c0000000, 0x00000000c4d80000, 0x00000000eab00000)
  object space 79360K, 87% used [0x00000000c0000000,0x00000000c4393308,0x00000000c4d80000)
 Metaspace       used 78962K, committed 80448K, reserved 1179648K
  class space    used 8308K, committed 9024K, reserved 1048576K
}
Event: 1193.858 GC heap after
{Heap after GC invocations=199 (full 6):
 PSYoungGen      total 8192K, used 384K [0x00000000eab00000, 0x00000000eb400000, 0x0000000100000000)
  eden space 7680K, 0% used [0x00000000eab00000,0x00000000eab00000,0x00000000eb280000)
  from space 512K, 75% used [0x00000000eb380000,0x00000000eb3e0020,0x00000000eb400000)
  to   space 512K, 0% used [0x00000000eb300000,0x00000000eb300000,0x00000000eb380000)
 ParOldGen       total 79360K, used 69228K [0x00000000c0000000, 0x00000000c4d80000, 0x00000000eab00000)
  object space 79360K, 87% used [0x00000000c0000000,0x00000000c439b308,0x00000000c4d80000)
 Metaspace       used 78962K, committed 80448K, reserved 1179648K
  class space    used 8308K, committed 9024K, reserved 1048576K
}
Event: 1417.490 GC heap before
{Heap before GC invocations=200 (full 6):
 PSYoungGen      total 8192K, used 8064K [0x00000000eab00000, 0x00000000eb400000, 0x0000000100000000)
  eden space 7680K, 100% used [0x00000000eab00000,0x00000000eb280000,0x00000000eb280000)
  from space 512K, 75% used [0x00000000eb380000,0x00000000eb3e0020,0x00000000eb400000)
  to   space 512K, 0% used [0x00000000eb300000,0x00000000eb300000,0x00000000eb380000)
 ParOldGen       total 79360K, used 69228K [0x00000000c0000000, 0x00000000c4d80000, 0x00000000eab00000)
  object space 79360K, 87% used [0x00000000c0000000,0x00000000c439b308,0x00000000c4d80000)
 Metaspace       used 78982K, committed 80576K, reserved 1179648K
  class space    used 8309K, committed 9024K, reserved 1048576K
}
Event: 1417.492 GC heap after
{Heap after GC invocations=200 (full 6):
 PSYoungGen      total 8192K, used 496K [0x00000000eab00000, 0x00000000eb480000, 0x0000000100000000)
  eden space 7680K, 0% used [0x00000000eab00000,0x00000000eab00000,0x00000000eb280000)
  from space 512K, 96% used [0x00000000eb300000,0x00000000eb37c030,0x00000000eb380000)
  to   space 1024K, 0% used [0x00000000eb380000,0x00000000eb380000,0x00000000eb480000)
 ParOldGen       total 79360K, used 69284K [0x00000000c0000000, 0x00000000c4d80000, 0x00000000eab00000)
  object space 79360K, 87% used [0x00000000c0000000,0x00000000c43a9308,0x00000000c4d80000)
 Metaspace       used 78982K, committed 80576K, reserved 1179648K
  class space    used 8309K, committed 9024K, reserved 1048576K
}
Event: 1419.529 GC heap before
{Heap before GC invocations=201 (full 6):
 PSYoungGen      total 8192K, used 8176K [0x00000000eab00000, 0x00000000eb480000, 0x0000000100000000)
  eden space 7680K, 100% used [0x00000000eab00000,0x00000000eb280000,0x00000000eb280000)
  from space 512K, 96% used [0x00000000eb300000,0x00000000eb37c030,0x00000000eb380000)
  to   space 1024K, 0% used [0x00000000eb380000,0x00000000eb380000,0x00000000eb480000)
 ParOldGen       total 79360K, used 69284K [0x00000000c0000000, 0x00000000c4d80000, 0x00000000eab00000)
  object space 79360K, 87% used [0x00000000c0000000,0x00000000c43a9308,0x00000000c4d80000)
 Metaspace       used 78997K, committed 80576K, reserved 1179648K
  class space    used 8309K, committed 9024K, reserved 1048576K
}
Event: 1419.530 GC heap after
{Heap after GC invocations=201 (full 6):
 PSYoungGen      total 8192K, used 480K [0x00000000eab00000, 0x00000000eb400000, 0x0000000100000000)
  eden space 7680K, 0% used [0x00000000eab00000,0x00000000eab00000,0x00000000eb280000)
  from space 512K, 93% used [0x00000000eb380000,0x00000000eb3f8040,0x00000000eb400000)
  to   space 512K, 0% used [0x00000000eb300000,0x00000000eb300000,0x00000000eb380000)
 ParOldGen       total 79360K, used 69316K [0x00000000c0000000, 0x00000000c4d80000, 0x00000000eab00000)
  object space 79360K, 87% used [0x00000000c0000000,0x00000000c43b1308,0x00000000c4d80000)
 Metaspace       used 78997K, committed 80576K, reserved 1179648K
  class space    used 8309K, committed 9024K, reserved 1048576K
}
Event: 1425.769 GC heap before
{Heap before GC invocations=202 (full 6):
 PSYoungGen      total 8192K, used 8160K [0x00000000eab00000, 0x00000000eb400000, 0x0000000100000000)
  eden space 7680K, 100% used [0x00000000eab00000,0x00000000eb280000,0x00000000eb280000)
  from space 512K, 93% used [0x00000000eb380000,0x00000000eb3f8040,0x00000000eb400000)
  to   space 512K, 0% used [0x00000000eb300000,0x00000000eb300000,0x00000000eb380000)
 ParOldGen       total 79360K, used 69316K [0x00000000c0000000, 0x00000000c4d80000, 0x00000000eab00000)
  object space 79360K, 87% used [0x00000000c0000000,0x00000000c43b1308,0x00000000c4d80000)
 Metaspace       used 79013K, committed 80576K, reserved 1179648K
  class space    used 8309K, committed 9024K, reserved 1048576K
}
Event: 1425.771 GC heap after
{Heap after GC invocations=202 (full 6):
 PSYoungGen      total 8192K, used 432K [0x00000000eab00000, 0x00000000eb400000, 0x0000000100000000)
  eden space 7680K, 0% used [0x00000000eab00000,0x00000000eab00000,0x00000000eb280000)
  from space 512K, 84% used [0x00000000eb300000,0x00000000eb36c030,0x00000000eb380000)
  to   space 512K, 0% used [0x00000000eb380000,0x00000000eb380000,0x00000000eb400000)
 ParOldGen       total 79360K, used 69324K [0x00000000c0000000, 0x00000000c4d80000, 0x00000000eab00000)
  object space 79360K, 87% used [0x00000000c0000000,0x00000000c43b3308,0x00000000c4d80000)
 Metaspace       used 79013K, committed 80576K, reserved 1179648K
  class space    used 8309K, committed 9024K, reserved 1048576K
}
Event: 1435.854 GC heap before
{Heap before GC invocations=203 (full 6):
 PSYoungGen      total 8192K, used 8112K [0x00000000eab00000, 0x00000000eb400000, 0x0000000100000000)
  eden space 7680K, 100% used [0x00000000eab00000,0x00000000eb280000,0x00000000eb280000)
  from space 512K, 84% used [0x00000000eb300000,0x00000000eb36c030,0x00000000eb380000)
  to   space 512K, 0% used [0x00000000eb380000,0x00000000eb380000,0x00000000eb400000)
 ParOldGen       total 79360K, used 69324K [0x00000000c0000000, 0x00000000c4d80000, 0x00000000eab00000)
  object space 79360K, 87% used [0x00000000c0000000,0x00000000c43b3308,0x00000000c4d80000)
 Metaspace       used 79023K, committed 80576K, reserved 1179648K
  class space    used 8309K, committed 9024K, reserved 1048576K
}
Event: 1435.855 GC heap after
{Heap after GC invocations=203 (full 6):
 PSYoungGen      total 8192K, used 496K [0x00000000eab00000, 0x00000000eb480000, 0x0000000100000000)
  eden space 7680K, 0% used [0x00000000eab00000,0x00000000eab00000,0x00000000eb280000)
  from space 512K, 96% used [0x00000000eb380000,0x00000000eb3fc050,0x00000000eb400000)
  to   space 1024K, 0% used [0x00000000eb280000,0x00000000eb280000,0x00000000eb380000)
 ParOldGen       total 79360K, used 69372K [0x00000000c0000000, 0x00000000c4d80000, 0x00000000eab00000)
  object space 79360K, 87% used [0x00000000c0000000,0x00000000c43bf308,0x00000000c4d80000)
 Metaspace       used 79023K, committed 80576K, reserved 1179648K
  class space    used 8309K, committed 9024K, reserved 1048576K
}
Event: 1668.174 GC heap before
{Heap before GC invocations=204 (full 6):
 PSYoungGen      total 8192K, used 8176K [0x00000000eab00000, 0x00000000eb480000, 0x0000000100000000)
  eden space 7680K, 100% used [0x00000000eab00000,0x00000000eb280000,0x00000000eb280000)
  from space 512K, 96% used [0x00000000eb380000,0x00000000eb3fc050,0x00000000eb400000)
  to   space 1024K, 0% used [0x00000000eb280000,0x00000000eb280000,0x00000000eb380000)
 ParOldGen       total 79360K, used 69372K [0x00000000c0000000, 0x00000000c4d80000, 0x00000000eab00000)
  object space 79360K, 87% used [0x00000000c0000000,0x00000000c43bf308,0x00000000c4d80000)
 Metaspace       used 79027K, committed 80576K, reserved 1179648K
  class space    used 8309K, committed 9024K, reserved 1048576K
}
Event: 1668.175 GC heap after
{Heap after GC invocations=204 (full 6):
 PSYoungGen      total 8704K, used 464K [0x00000000eab00000, 0x00000000eb400000, 0x0000000100000000)
  eden space 7680K, 0% used [0x00000000eab00000,0x00000000eab00000,0x00000000eb280000)
  from space 1024K, 45% used [0x00000000eb280000,0x00000000eb2f4010,0x00000000eb380000)
  to   space 512K, 0% used [0x00000000eb380000,0x00000000eb380000,0x00000000eb400000)
 ParOldGen       total 79360K, used 69420K [0x00000000c0000000, 0x00000000c4d80000, 0x00000000eab00000)
  object space 79360K, 87% used [0x00000000c0000000,0x00000000c43cb308,0x00000000c4d80000)
 Metaspace       used 79027K, committed 80576K, reserved 1179648K
  class space    used 8309K, committed 9024K, reserved 1048576K
}
Event: 1669.515 GC heap before
{Heap before GC invocations=205 (full 6):
 PSYoungGen      total 8704K, used 8143K [0x00000000eab00000, 0x00000000eb400000, 0x0000000100000000)
  eden space 7680K, 99% used [0x00000000eab00000,0x00000000eb27ffd0,0x00000000eb280000)
  from space 1024K, 45% used [0x00000000eb280000,0x00000000eb2f4010,0x00000000eb380000)
  to   space 512K, 0% used [0x00000000eb380000,0x00000000eb380000,0x00000000eb400000)
 ParOldGen       total 79360K, used 69420K [0x00000000c0000000, 0x00000000c4d80000, 0x00000000eab00000)
  object space 79360K, 87% used [0x00000000c0000000,0x00000000c43cb308,0x00000000c4d80000)
 Metaspace       used 79035K, committed 80640K, reserved 1179648K
  class space    used 8309K, committed 9024K, reserved 1048576K
}
Event: 1669.516 GC heap after
{Heap after GC invocations=205 (full 6):
 PSYoungGen      total 8192K, used 496K [0x00000000eab00000, 0x00000000eb480000, 0x0000000100000000)
  eden space 7680K, 0% used [0x00000000eab00000,0x00000000eab00000,0x00000000eb280000)
  from space 512K, 96% used [0x00000000eb380000,0x00000000eb3fc030,0x00000000eb400000)
  to   space 1024K, 0% used [0x00000000eb280000,0x00000000eb280000,0x00000000eb380000)
 ParOldGen       total 79360K, used 69436K [0x00000000c0000000, 0x00000000c4d80000, 0x00000000eab00000)
  object space 79360K, 87% used [0x00000000c0000000,0x00000000c43cf308,0x00000000c4d80000)
 Metaspace       used 79035K, committed 80640K, reserved 1179648K
  class space    used 8309K, committed 9024K, reserved 1048576K
}

