# JRE version: OpenJDK Runtime Environment Temurin-17.0.10+7 (17.0.10+7) (build 17.0.10+7)
# Java VM: OpenJDK 64-Bit Server VM Temurin-17.0.10+7 (17.0.10+7, mixed mode, tiered, compressed oops, compressed class ptrs, parallel gc, windows-amd64)
GC Precious Log:
 CPUs: 8 total, 8 available
 Memory: 16118M
 Large Page Support: Disabled
 NUMA Support: Disabled
 Compressed Oops: Enabled (32-bit)
 Alignments: Space 512K, Generation 512K, Heap 2M
 Heap Min Capacity: 100M
 Heap Initial Capacity: 100M
 Heap Max Capacity: 1G
 Pre-touch: Disabled
 Parallel Workers: 8
Heap:
 PSYoungGen      total 2048K, used 2010K [0x00000000eab00000, 0x00000000eae80000, 0x0000000100000000)
  eden space 1536K, 100% used [0x00000000eab00000,0x00000000eac80000,0x00000000eac80000)
  from space 512K, 92% used [0x00000000ead80000,0x00000000eadf6920,0x00000000eae00000)
  to   space 1024K, 0% used [0x00000000eac80000,0x00000000eac80000,0x00000000ead80000)
 ParOldGen       total 94208K, used 78897K [0x00000000c0000000, 0x00000000c5c00000, 0x00000000eab00000)
  object space 94208K, 83% used [0x00000000c0000000,0x00000000c4d0c5e8,0x00000000c5c00000)
 Metaspace       used 81355K, committed 82944K, reserved 1179648K
  class space    used 8417K, committed 9088K, reserved 1048576K
GC Heap History (20 events):
Event: 426.691 GC heap before
{Heap before GC invocations=412 (full 12):
 PSYoungGen      total 2048K, used 1759K [0x00000000eab00000, 0x00000000eae00000, 0x0000000100000000)
  eden space 1536K, 99% used [0x00000000eab00000,0x00000000eac7ffa0,0x00000000eac80000)
  from space 512K, 43% used [0x00000000ead80000,0x00000000eadb8000,0x00000000eae00000)
  to   space 512K, 0% used [0x00000000ead00000,0x00000000ead00000,0x00000000ead80000)
 ParOldGen       total 94208K, used 77720K [0x00000000c0000000, 0x00000000c5c00000, 0x00000000eab00000)
  object space 94208K, 82% used [0x00000000c0000000,0x00000000c4be6078,0x00000000c5c00000)
 Metaspace       used 81174K, committed 82752K, reserved 1179648K
  class space    used 8400K, committed 9088K, reserved 1048576K
}
Event: 426.692 GC heap after
{Heap after GC invocations=412 (full 12):
 PSYoungGen      total 2048K, used 276K [0x00000000eab00000, 0x00000000eae00000, 0x0000000100000000)
  eden space 1536K, 0% used [0x00000000eab00000,0x00000000eab00000,0x00000000eac80000)
  from space 512K, 54% used [0x00000000ead00000,0x00000000ead45220,0x00000000ead80000)
  to   space 512K, 0% used [0x00000000ead80000,0x00000000ead80000,0x00000000eae00000)
 ParOldGen       total 94208K, used 77792K [0x00000000c0000000, 0x00000000c5c00000, 0x00000000eab00000)
  object space 94208K, 82% used [0x00000000c0000000,0x00000000c4bf8078,0x00000000c5c00000)
 Metaspace       used 81174K, committed 82752K, reserved 1179648K
  class space    used 8400K, committed 9088K, reserved 1048576K
}
Event: 426.695 GC heap before
{Heap before GC invocations=413 (full 12):
 PSYoungGen      total 2048K, used 1812K [0x00000000eab00000, 0x00000000eae00000, 0x0000000100000000)
  eden space 1536K, 100% used [0x00000000eab00000,0x00000000eac80000,0x00000000eac80000)
  from space 512K, 54% used [0x00000000ead00000,0x00000000ead45220,0x00000000ead80000)
  to   space 512K, 0% used [0x00000000ead80000,0x00000000ead80000,0x00000000eae00000)
 ParOldGen       total 94208K, used 77792K [0x00000000c0000000, 0x00000000c5c00000, 0x00000000eab00000)
  object space 94208K, 82% used [0x00000000c0000000,0x00000000c4bf8078,0x00000000c5c00000)
 Metaspace       used 81175K, committed 82752K, reserved 1179648K
  class space    used 8400K, committed 9088K, reserved 1048576K
}
Event: 426.696 GC heap after
{Heap after GC invocations=413 (full 12):
 PSYoungGen      total 2048K, used 512K [0x00000000eab00000, 0x00000000eae80000, 0x0000000100000000)
  eden space 1536K, 0% used [0x00000000eab00000,0x00000000eab00000,0x00000000eac80000)
  from space 512K, 100% used [0x00000000ead80000,0x00000000eae00000,0x00000000eae00000)
  to   space 1024K, 0% used [0x00000000eac80000,0x00000000eac80000,0x00000000ead80000)
 ParOldGen       total 94208K, used 77972K [0x00000000c0000000, 0x00000000c5c00000, 0x00000000eab00000)
  object space 94208K, 82% used [0x00000000c0000000,0x00000000c4c25298,0x00000000c5c00000)
 Metaspace       used 81175K, committed 82752K, reserved 1179648K
  class space    used 8400K, committed 9088K, reserved 1048576K
}
Event: 426.702 GC heap before
{Heap before GC invocations=414 (full 12):
 PSYoungGen      total 2048K, used 2048K [0x00000000eab00000, 0x00000000eae80000, 0x0000000100000000)
  eden space 1536K, 100% used [0x00000000eab00000,0x00000000eac80000,0x00000000eac80000)
  from space 512K, 100% used [0x00000000ead80000,0x00000000eae00000,0x00000000eae00000)
  to   space 1024K, 0% used [0x00000000eac80000,0x00000000eac80000,0x00000000ead80000)
 ParOldGen       total 94208K, used 77972K [0x00000000c0000000, 0x00000000c5c00000, 0x00000000eab00000)
  object space 94208K, 82% used [0x00000000c0000000,0x00000000c4c25298,0x00000000c5c00000)
 Metaspace       used 81195K, committed 82752K, reserved 1179648K
  class space    used 8400K, committed 9088K, reserved 1048576K
}
Event: 426.703 GC heap after
{Heap after GC invocations=414 (full 12):
 PSYoungGen      total 2560K, used 314K [0x00000000eab00000, 0x00000000eae00000, 0x0000000100000000)
  eden space 1536K, 0% used [0x00000000eab00000,0x00000000eab00000,0x00000000eac80000)
  from space 1024K, 30% used [0x00000000eac80000,0x00000000eacce900,0x00000000ead80000)
  to   space 512K, 0% used [0x00000000ead80000,0x00000000ead80000,0x00000000eae00000)
 ParOldGen       total 94208K, used 78000K [0x00000000c0000000, 0x00000000c5c00000, 0x00000000eab00000)
  object space 94208K, 82% used [0x00000000c0000000,0x00000000c4c2c358,0x00000000c5c00000)
 Metaspace       used 81195K, committed 82752K, reserved 1179648K
  class space    used 8400K, committed 9088K, reserved 1048576K
}
Event: 426.708 GC heap before
{Heap before GC invocations=415 (full 12):
 PSYoungGen      total 2560K, used 1850K [0x00000000eab00000, 0x00000000eae00000, 0x0000000100000000)
  eden space 1536K, 100% used [0x00000000eab00000,0x00000000eac80000,0x00000000eac80000)
  from space 1024K, 30% used [0x00000000eac80000,0x00000000eacce900,0x00000000ead80000)
  to   space 512K, 0% used [0x00000000ead80000,0x00000000ead80000,0x00000000eae00000)
 ParOldGen       total 94208K, used 78000K [0x00000000c0000000, 0x00000000c5c00000, 0x00000000eab00000)
  object space 94208K, 82% used [0x00000000c0000000,0x00000000c4c2c358,0x00000000c5c00000)
 Metaspace       used 81217K, committed 82816K, reserved 1179648K
  class space    used 8400K, committed 9088K, reserved 1048576K
}
Event: 426.709 GC heap after
{Heap after GC invocations=415 (full 12):
 PSYoungGen      total 2048K, used 480K [0x00000000eab00000, 0x00000000eae00000, 0x0000000100000000)
  eden space 1536K, 0% used [0x00000000eab00000,0x00000000eab00000,0x00000000eac80000)
  from space 512K, 93% used [0x00000000ead80000,0x00000000eadf8000,0x00000000eae00000)
  to   space 512K, 0% used [0x00000000ead00000,0x00000000ead00000,0x00000000ead80000)
 ParOldGen       total 94208K, used 78165K [0x00000000c0000000, 0x00000000c5c00000, 0x00000000eab00000)
  object space 94208K, 82% used [0x00000000c0000000,0x00000000c4c55578,0x00000000c5c00000)
 Metaspace       used 81217K, committed 82816K, reserved 1179648K
  class space    used 8400K, committed 9088K, reserved 1048576K
}
Event: 429.330 GC heap before
{Heap before GC invocations=416 (full 12):
 PSYoungGen      total 2048K, used 2016K [0x00000000eab00000, 0x00000000eae00000, 0x0000000100000000)
  eden space 1536K, 100% used [0x00000000eab00000,0x00000000eac80000,0x00000000eac80000)
  from space 512K, 93% used [0x00000000ead80000,0x00000000eadf8000,0x00000000eae00000)
  to   space 512K, 0% used [0x00000000ead00000,0x00000000ead00000,0x00000000ead80000)
 ParOldGen       total 94208K, used 78165K [0x00000000c0000000, 0x00000000c5c00000, 0x00000000eab00000)
  object space 94208K, 82% used [0x00000000c0000000,0x00000000c4c55578,0x00000000c5c00000)
 Metaspace       used 81276K, committed 82816K, reserved 1179648K
  class space    used 8408K, committed 9088K, reserved 1048576K
}
Event: 429.331 GC heap after
{Heap after GC invocations=416 (full 12):
 PSYoungGen      total 2048K, used 288K [0x00000000eab00000, 0x00000000eae00000, 0x0000000100000000)
  eden space 1536K, 0% used [0x00000000eab00000,0x00000000eab00000,0x00000000eac80000)
  from space 512K, 56% used [0x00000000ead00000,0x00000000ead48000,0x00000000ead80000)
  to   space 512K, 0% used [0x00000000ead80000,0x00000000ead80000,0x00000000eae00000)
 ParOldGen       total 94208K, used 78533K [0x00000000c0000000, 0x00000000c5c00000, 0x00000000eab00000)
  object space 94208K, 83% used [0x00000000c0000000,0x00000000c4cb1578,0x00000000c5c00000)
 Metaspace       used 81276K, committed 82816K, reserved 1179648K
  class space    used 8408K, committed 9088K, reserved 1048576K
}
Event: 429.562 GC heap before
{Heap before GC invocations=417 (full 12):
 PSYoungGen      total 2048K, used 1801K [0x00000000eab00000, 0x00000000eae00000, 0x0000000100000000)
  eden space 1536K, 98% used [0x00000000eab00000,0x00000000eac7a5a0,0x00000000eac80000)
  from space 512K, 56% used [0x00000000ead00000,0x00000000ead48000,0x00000000ead80000)
  to   space 512K, 0% used [0x00000000ead80000,0x00000000ead80000,0x00000000eae00000)
 ParOldGen       total 94208K, used 78533K [0x00000000c0000000, 0x00000000c5c00000, 0x00000000eab00000)
  object space 94208K, 83% used [0x00000000c0000000,0x00000000c4cb1578,0x00000000c5c00000)
 Metaspace       used 81318K, committed 82880K, reserved 1179648K
  class space    used 8416K, committed 9088K, reserved 1048576K
}
Event: 429.563 GC heap after
{Heap after GC invocations=417 (full 12):
 PSYoungGen      total 2048K, used 192K [0x00000000eab00000, 0x00000000eae00000, 0x0000000100000000)
  eden space 1536K, 0% used [0x00000000eab00000,0x00000000eab00000,0x00000000eac80000)
  from space 512K, 37% used [0x00000000ead80000,0x00000000eadb0000,0x00000000eae00000)
  to   space 512K, 0% used [0x00000000ead00000,0x00000000ead00000,0x00000000ead80000)
 ParOldGen       total 94208K, used 78669K [0x00000000c0000000, 0x00000000c5c00000, 0x00000000eab00000)
  object space 94208K, 83% used [0x00000000c0000000,0x00000000c4cd3578,0x00000000c5c00000)
 Metaspace       used 81318K, committed 82880K, reserved 1179648K
  class space    used 8416K, committed 9088K, reserved 1048576K
}
Event: 429.569 GC heap before
{Heap before GC invocations=418 (full 12):
 PSYoungGen      total 2048K, used 1728K [0x00000000eab00000, 0x00000000eae00000, 0x0000000100000000)
  eden space 1536K, 100% used [0x00000000eab00000,0x00000000eac80000,0x00000000eac80000)
  from space 512K, 37% used [0x00000000ead80000,0x00000000eadb0000,0x00000000eae00000)
  to   space 512K, 0% used [0x00000000ead00000,0x00000000ead00000,0x00000000ead80000)
 ParOldGen       total 94208K, used 78669K [0x00000000c0000000, 0x00000000c5c00000, 0x00000000eab00000)
  object space 94208K, 83% used [0x00000000c0000000,0x00000000c4cd3578,0x00000000c5c00000)
 Metaspace       used 81318K, committed 82880K, reserved 1179648K
  class space    used 8416K, committed 9088K, reserved 1048576K
}
Event: 429.570 GC heap after
{Heap after GC invocations=418 (full 12):
 PSYoungGen      total 2048K, used 192K [0x00000000eab00000, 0x00000000eae00000, 0x0000000100000000)
  eden space 1536K, 0% used [0x00000000eab00000,0x00000000eab00000,0x00000000eac80000)
  from space 512K, 37% used [0x00000000ead00000,0x00000000ead30000,0x00000000ead80000)
  to   space 512K, 0% used [0x00000000ead80000,0x00000000ead80000,0x00000000eae00000)
 ParOldGen       total 94208K, used 78717K [0x00000000c0000000, 0x00000000c5c00000, 0x00000000eab00000)
  object space 94208K, 83% used [0x00000000c0000000,0x00000000c4cdf578,0x00000000c5c00000)
 Metaspace       used 81318K, committed 82880K, reserved 1179648K
  class space    used 8416K, committed 9088K, reserved 1048576K
}
Event: 430.752 GC heap before
{Heap before GC invocations=419 (full 12):
 PSYoungGen      total 2048K, used 1728K [0x00000000eab00000, 0x00000000eae00000, 0x0000000100000000)
  eden space 1536K, 100% used [0x00000000eab00000,0x00000000eac80000,0x00000000eac80000)
  from space 512K, 37% used [0x00000000ead00000,0x00000000ead30000,0x00000000ead80000)
  to   space 512K, 0% used [0x00000000ead80000,0x00000000ead80000,0x00000000eae00000)
 ParOldGen       total 94208K, used 78717K [0x00000000c0000000, 0x00000000c5c00000, 0x00000000eab00000)
  object space 94208K, 83% used [0x00000000c0000000,0x00000000c4cdf578,0x00000000c5c00000)
 Metaspace       used 81322K, committed 82880K, reserved 1179648K
  class space    used 8416K, committed 9088K, reserved 1048576K
}
Event: 430.752 GC heap after
{Heap after GC invocations=419 (full 12):
 PSYoungGen      total 2048K, used 320K [0x00000000eab00000, 0x00000000eae00000, 0x0000000100000000)
  eden space 1536K, 0% used [0x00000000eab00000,0x00000000eab00000,0x00000000eac80000)
  from space 512K, 62% used [0x00000000ead80000,0x00000000eadd0020,0x00000000eae00000)
  to   space 512K, 0% used [0x00000000ead00000,0x00000000ead00000,0x00000000ead80000)
 ParOldGen       total 94208K, used 78717K [0x00000000c0000000, 0x00000000c5c00000, 0x00000000eab00000)
  object space 94208K, 83% used [0x00000000c0000000,0x00000000c4cdf578,0x00000000c5c00000)
 Metaspace       used 81322K, committed 82880K, reserved 1179648K
  class space    used 8416K, committed 9088K, reserved 1048576K
}
Event: 430.796 GC heap before
{Heap before GC invocations=420 (full 12):
 PSYoungGen      total 2048K, used 1856K [0x00000000eab00000, 0x00000000eae00000, 0x0000000100000000)
  eden space 1536K, 99% used [0x00000000eab00000,0x00000000eac7fff0,0x00000000eac80000)
  from space 512K, 62% used [0x00000000ead80000,0x00000000eadd0020,0x00000000eae00000)
  to   space 512K, 0% used [0x00000000ead00000,0x00000000ead00000,0x00000000ead80000)
 ParOldGen       total 94208K, used 78717K [0x00000000c0000000, 0x00000000c5c00000, 0x00000000eab00000)
  object space 94208K, 83% used [0x00000000c0000000,0x00000000c4cdf578,0x00000000c5c00000)
 Metaspace       used 81346K, committed 82944K, reserved 1179648K
  class space    used 8417K, committed 9088K, reserved 1048576K
}
Event: 430.797 GC heap after
{Heap after GC invocations=420 (full 12):
 PSYoungGen      total 2048K, used 160K [0x00000000eab00000, 0x00000000eae00000, 0x0000000100000000)
  eden space 1536K, 0% used [0x00000000eab00000,0x00000000eab00000,0x00000000eac80000)
  from space 512K, 31% used [0x00000000ead00000,0x00000000ead28000,0x00000000ead80000)
  to   space 512K, 0% used [0x00000000ead80000,0x00000000ead80000,0x00000000eae00000)
 ParOldGen       total 94208K, used 78841K [0x00000000c0000000, 0x00000000c5c00000, 0x00000000eab00000)
  object space 94208K, 83% used [0x00000000c0000000,0x00000000c4cfe5e8,0x00000000c5c00000)
 Metaspace       used 81346K, committed 82944K, reserved 1179648K
  class space    used 8417K, committed 9088K, reserved 1048576K
}
Event: 430.801 GC heap before
{Heap before GC invocations=421 (full 12):
 PSYoungGen      total 2048K, used 1695K [0x00000000eab00000, 0x00000000eae00000, 0x0000000100000000)
  eden space 1536K, 99% used [0x00000000eab00000,0x00000000eac7ffc8,0x00000000eac80000)
  from space 512K, 31% used [0x00000000ead00000,0x00000000ead28000,0x00000000ead80000)
  to   space 512K, 0% used [0x00000000ead80000,0x00000000ead80000,0x00000000eae00000)
 ParOldGen       total 94208K, used 78841K [0x00000000c0000000, 0x00000000c5c00000, 0x00000000eab00000)
  object space 94208K, 83% used [0x00000000c0000000,0x00000000c4cfe5e8,0x00000000c5c00000)
 Metaspace       used 81347K, committed 82944K, reserved 1179648K
  class space    used 8417K, committed 9088K, reserved 1048576K
}
Event: 430.802 GC heap after
{Heap after GC invocations=421 (full 12):
 PSYoungGen      total 2048K, used 474K [0x00000000eab00000, 0x00000000eae80000, 0x0000000100000000)
  eden space 1536K, 0% used [0x00000000eab00000,0x00000000eab00000,0x00000000eac80000)
  from space 512K, 92% used [0x00000000ead80000,0x00000000eadf6920,0x00000000eae00000)
  to   space 1024K, 0% used [0x00000000eac80000,0x00000000eac80000,0x00000000ead80000)
 ParOldGen       total 94208K, used 78897K [0x00000000c0000000, 0x00000000c5c00000, 0x00000000eab00000)
  object space 94208K, 83% used [0x00000000c0000000,0x00000000c4d0c5e8,0x00000000c5c00000)
 Metaspace       used 81347K, committed 82944K, reserved 1179648K
  class space    used 8417K, committed 9088K, reserved 1048576K
}

