# JRE version: OpenJDK Runtime Environment Temurin-17.0.10+7 (17.0.10+7) (build 17.0.10+7)
# Java VM: OpenJDK 64-Bit Server VM Temurin-17.0.10+7 (17.0.10+7, mixed mode, tiered, compressed oops, compressed class ptrs, parallel gc, windows-amd64)
GC Precious Log:
 CPUs: 8 total, 8 available
 Memory: 16118M
 Large Page Support: Disabled
 NUMA Support: Disabled
 Compressed Oops: Enabled (32-bit)
 Alignments: Space 512K, Generation 512K, Heap 2M
 Heap Min Capacity: 100M
 Heap Initial Capacity: 100M
 Heap Max Capacity: 1G
 Pre-touch: Disabled
 Parallel Workers: 8
Heap:
 PSYoungGen      total 1536K, used 224K [0x00000000eab00000, 0x00000000eae80000, 0x0000000100000000)
  eden space 1024K, 0% used [0x00000000eab00000,0x00000000eab00000,0x00000000eac00000)
  from space 512K, 43% used [0x00000000eae00000,0x00000000eae38000,0x00000000eae80000)
  to   space 512K, 0% used [0x00000000ead80000,0x00000000ead80000,0x00000000eae00000)
 ParOldGen       total 156672K, used 156620K [0x00000000c0000000, 0x00000000c9900000, 0x00000000eab00000)
  object space 156672K, 99% used [0x00000000c0000000,0x00000000c98f3370,0x00000000c9900000)
 Metaspace       used 94891K, committed 96384K, reserved 1179648K
  class space    used 9381K, committed 10112K, reserved 1048576K
GC Heap History (20 events):
Event: 7887.361 GC heap after
{Heap after GC invocations=5738 (full 118):
 PSYoungGen      total 1536K, used 288K [0x00000000eab00000, 0x00000000eae80000, 0x0000000100000000)
  eden space 1024K, 0% used [0x00000000eab00000,0x00000000eab00000,0x00000000eac00000)
  from space 512K, 56% used [0x00000000ead80000,0x00000000eadc8000,0x00000000eae00000)
  to   space 512K, 0% used [0x00000000eae00000,0x00000000eae00000,0x00000000eae80000)
 ParOldGen       total 156672K, used 156020K [0x00000000c0000000, 0x00000000c9900000, 0x00000000eab00000)
  object space 156672K, 99% used [0x00000000c0000000,0x00000000c985d370,0x00000000c9900000)
 Metaspace       used 94891K, committed 96384K, reserved 1179648K
  class space    used 9381K, committed 10112K, reserved 1048576K
}
Event: 7887.385 GC heap before
{Heap before GC invocations=5739 (full 118):
 PSYoungGen      total 1536K, used 1312K [0x00000000eab00000, 0x00000000eae80000, 0x0000000100000000)
  eden space 1024K, 100% used [0x00000000eab00000,0x00000000eac00000,0x00000000eac00000)
  from space 512K, 56% used [0x00000000ead80000,0x00000000eadc8000,0x00000000eae00000)
  to   space 512K, 0% used [0x00000000eae00000,0x00000000eae00000,0x00000000eae80000)
 ParOldGen       total 156672K, used 156020K [0x00000000c0000000, 0x00000000c9900000, 0x00000000eab00000)
  object space 156672K, 99% used [0x00000000c0000000,0x00000000c985d370,0x00000000c9900000)
 Metaspace       used 94891K, committed 96384K, reserved 1179648K
  class space    used 9381K, committed 10112K, reserved 1048576K
}
Event: 7887.386 GC heap after
{Heap after GC invocations=5739 (full 118):
 PSYoungGen      total 1536K, used 224K [0x00000000eab00000, 0x00000000eae80000, 0x0000000100000000)
  eden space 1024K, 0% used [0x00000000eab00000,0x00000000eab00000,0x00000000eac00000)
  from space 512K, 43% used [0x00000000eae00000,0x00000000eae38000,0x00000000eae80000)
  to   space 512K, 0% used [0x00000000ead80000,0x00000000ead80000,0x00000000eae00000)
 ParOldGen       total 156672K, used 156100K [0x00000000c0000000, 0x00000000c9900000, 0x00000000eab00000)
  object space 156672K, 99% used [0x00000000c0000000,0x00000000c9871370,0x00000000c9900000)
 Metaspace       used 94891K, committed 96384K, reserved 1179648K
  class space    used 9381K, committed 10112K, reserved 1048576K
}
Event: 7887.404 GC heap before
{Heap before GC invocations=5740 (full 118):
 PSYoungGen      total 1536K, used 1248K [0x00000000eab00000, 0x00000000eae80000, 0x0000000100000000)
  eden space 1024K, 100% used [0x00000000eab00000,0x00000000eac00000,0x00000000eac00000)
  from space 512K, 43% used [0x00000000eae00000,0x00000000eae38000,0x00000000eae80000)
  to   space 512K, 0% used [0x00000000ead80000,0x00000000ead80000,0x00000000eae00000)
 ParOldGen       total 156672K, used 156100K [0x00000000c0000000, 0x00000000c9900000, 0x00000000eab00000)
  object space 156672K, 99% used [0x00000000c0000000,0x00000000c9871370,0x00000000c9900000)
 Metaspace       used 94891K, committed 96384K, reserved 1179648K
  class space    used 9381K, committed 10112K, reserved 1048576K
}
Event: 7887.405 GC heap after
{Heap after GC invocations=5740 (full 118):
 PSYoungGen      total 1536K, used 224K [0x00000000eab00000, 0x00000000eae80000, 0x0000000100000000)
  eden space 1024K, 0% used [0x00000000eab00000,0x00000000eab00000,0x00000000eac00000)
  from space 512K, 43% used [0x00000000ead80000,0x00000000eadb8000,0x00000000eae00000)
  to   space 512K, 0% used [0x00000000eae00000,0x00000000eae00000,0x00000000eae80000)
 ParOldGen       total 156672K, used 156156K [0x00000000c0000000, 0x00000000c9900000, 0x00000000eab00000)
  object space 156672K, 99% used [0x00000000c0000000,0x00000000c987f370,0x00000000c9900000)
 Metaspace       used 94891K, committed 96384K, reserved 1179648K
  class space    used 9381K, committed 10112K, reserved 1048576K
}
Event: 7887.425 GC heap before
{Heap before GC invocations=5741 (full 118):
 PSYoungGen      total 1536K, used 1248K [0x00000000eab00000, 0x00000000eae80000, 0x0000000100000000)
  eden space 1024K, 100% used [0x00000000eab00000,0x00000000eac00000,0x00000000eac00000)
  from space 512K, 43% used [0x00000000ead80000,0x00000000eadb8000,0x00000000eae00000)
  to   space 512K, 0% used [0x00000000eae00000,0x00000000eae00000,0x00000000eae80000)
 ParOldGen       total 156672K, used 156156K [0x00000000c0000000, 0x00000000c9900000, 0x00000000eab00000)
  object space 156672K, 99% used [0x00000000c0000000,0x00000000c987f370,0x00000000c9900000)
 Metaspace       used 94891K, committed 96384K, reserved 1179648K
  class space    used 9381K, committed 10112K, reserved 1048576K
}
Event: 7887.426 GC heap after
{Heap after GC invocations=5741 (full 118):
 PSYoungGen      total 1536K, used 224K [0x00000000eab00000, 0x00000000eae80000, 0x0000000100000000)
  eden space 1024K, 0% used [0x00000000eab00000,0x00000000eab00000,0x00000000eac00000)
  from space 512K, 43% used [0x00000000eae00000,0x00000000eae38000,0x00000000eae80000)
  to   space 512K, 0% used [0x00000000ead80000,0x00000000ead80000,0x00000000eae00000)
 ParOldGen       total 156672K, used 156212K [0x00000000c0000000, 0x00000000c9900000, 0x00000000eab00000)
  object space 156672K, 99% used [0x00000000c0000000,0x00000000c988d370,0x00000000c9900000)
 Metaspace       used 94891K, committed 96384K, reserved 1179648K
  class space    used 9381K, committed 10112K, reserved 1048576K
}
Event: 7892.626 GC heap before
{Heap before GC invocations=5742 (full 118):
 PSYoungGen      total 1536K, used 1247K [0x00000000eab00000, 0x00000000eae80000, 0x0000000100000000)
  eden space 1024K, 99% used [0x00000000eab00000,0x00000000eabffff0,0x00000000eac00000)
  from space 512K, 43% used [0x00000000eae00000,0x00000000eae38000,0x00000000eae80000)
  to   space 512K, 0% used [0x00000000ead80000,0x00000000ead80000,0x00000000eae00000)
 ParOldGen       total 156672K, used 156212K [0x00000000c0000000, 0x00000000c9900000, 0x00000000eab00000)
  object space 156672K, 99% used [0x00000000c0000000,0x00000000c988d370,0x00000000c9900000)
 Metaspace       used 94891K, committed 96384K, reserved 1179648K
  class space    used 9381K, committed 10112K, reserved 1048576K
}
Event: 7892.626 GC heap after
{Heap after GC invocations=5742 (full 118):
 PSYoungGen      total 1536K, used 256K [0x00000000eab00000, 0x00000000eae80000, 0x0000000100000000)
  eden space 1024K, 0% used [0x00000000eab00000,0x00000000eab00000,0x00000000eac00000)
  from space 512K, 50% used [0x00000000ead80000,0x00000000eadc0000,0x00000000eae00000)
  to   space 512K, 0% used [0x00000000eae00000,0x00000000eae00000,0x00000000eae80000)
 ParOldGen       total 156672K, used 156268K [0x00000000c0000000, 0x00000000c9900000, 0x00000000eab00000)
  object space 156672K, 99% used [0x00000000c0000000,0x00000000c989b370,0x00000000c9900000)
 Metaspace       used 94891K, committed 96384K, reserved 1179648K
  class space    used 9381K, committed 10112K, reserved 1048576K
}
Event: 7892.741 GC heap before
{Heap before GC invocations=5743 (full 118):
 PSYoungGen      total 1536K, used 1268K [0x00000000eab00000, 0x00000000eae80000, 0x0000000100000000)
  eden space 1024K, 98% used [0x00000000eab00000,0x00000000eabfd348,0x00000000eac00000)
  from space 512K, 50% used [0x00000000ead80000,0x00000000eadc0000,0x00000000eae00000)
  to   space 512K, 0% used [0x00000000eae00000,0x00000000eae00000,0x00000000eae80000)
 ParOldGen       total 156672K, used 156268K [0x00000000c0000000, 0x00000000c9900000, 0x00000000eab00000)
  object space 156672K, 99% used [0x00000000c0000000,0x00000000c989b370,0x00000000c9900000)
 Metaspace       used 94891K, committed 96384K, reserved 1179648K
  class space    used 9381K, committed 10112K, reserved 1048576K
}
Event: 7892.742 GC heap after
{Heap after GC invocations=5743 (full 118):
 PSYoungGen      total 1536K, used 352K [0x00000000eab00000, 0x00000000eae80000, 0x0000000100000000)
  eden space 1024K, 0% used [0x00000000eab00000,0x00000000eab00000,0x00000000eac00000)
  from space 512K, 68% used [0x00000000eae00000,0x00000000eae58020,0x00000000eae80000)
  to   space 512K, 0% used [0x00000000ead80000,0x00000000ead80000,0x00000000eae00000)
 ParOldGen       total 156672K, used 156316K [0x00000000c0000000, 0x00000000c9900000, 0x00000000eab00000)
  object space 156672K, 99% used [0x00000000c0000000,0x00000000c98a7370,0x00000000c9900000)
 Metaspace       used 94891K, committed 96384K, reserved 1179648K
  class space    used 9381K, committed 10112K, reserved 1048576K
}
Event: 7892.751 GC heap before
{Heap before GC invocations=5744 (full 118):
 PSYoungGen      total 1536K, used 1376K [0x00000000eab00000, 0x00000000eae80000, 0x0000000100000000)
  eden space 1024K, 100% used [0x00000000eab00000,0x00000000eac00000,0x00000000eac00000)
  from space 512K, 68% used [0x00000000eae00000,0x00000000eae58020,0x00000000eae80000)
  to   space 512K, 0% used [0x00000000ead80000,0x00000000ead80000,0x00000000eae00000)
 ParOldGen       total 156672K, used 156316K [0x00000000c0000000, 0x00000000c9900000, 0x00000000eab00000)
  object space 156672K, 99% used [0x00000000c0000000,0x00000000c98a7370,0x00000000c9900000)
 Metaspace       used 94891K, committed 96384K, reserved 1179648K
  class space    used 9381K, committed 10112K, reserved 1048576K
}
Event: 7892.751 GC heap after
{Heap after GC invocations=5744 (full 118):
 PSYoungGen      total 1536K, used 288K [0x00000000eab00000, 0x00000000eae80000, 0x0000000100000000)
  eden space 1024K, 0% used [0x00000000eab00000,0x00000000eab00000,0x00000000eac00000)
  from space 512K, 56% used [0x00000000ead80000,0x00000000eadc8000,0x00000000eae00000)
  to   space 512K, 0% used [0x00000000eae00000,0x00000000eae00000,0x00000000eae80000)
 ParOldGen       total 156672K, used 156412K [0x00000000c0000000, 0x00000000c9900000, 0x00000000eab00000)
  object space 156672K, 99% used [0x00000000c0000000,0x00000000c98bf370,0x00000000c9900000)
 Metaspace       used 94891K, committed 96384K, reserved 1179648K
  class space    used 9381K, committed 10112K, reserved 1048576K
}
Event: 7892.776 GC heap before
{Heap before GC invocations=5745 (full 118):
 PSYoungGen      total 1536K, used 1312K [0x00000000eab00000, 0x00000000eae80000, 0x0000000100000000)
  eden space 1024K, 100% used [0x00000000eab00000,0x00000000eac00000,0x00000000eac00000)
  from space 512K, 56% used [0x00000000ead80000,0x00000000eadc8000,0x00000000eae00000)
  to   space 512K, 0% used [0x00000000eae00000,0x00000000eae00000,0x00000000eae80000)
 ParOldGen       total 156672K, used 156412K [0x00000000c0000000, 0x00000000c9900000, 0x00000000eab00000)
  object space 156672K, 99% used [0x00000000c0000000,0x00000000c98bf370,0x00000000c9900000)
 Metaspace       used 94891K, committed 96384K, reserved 1179648K
  class space    used 9381K, committed 10112K, reserved 1048576K
}
Event: 7892.777 GC heap after
{Heap after GC invocations=5745 (full 118):
 PSYoungGen      total 1536K, used 224K [0x00000000eab00000, 0x00000000eae80000, 0x0000000100000000)
  eden space 1024K, 0% used [0x00000000eab00000,0x00000000eab00000,0x00000000eac00000)
  from space 512K, 43% used [0x00000000eae00000,0x00000000eae38000,0x00000000eae80000)
  to   space 512K, 0% used [0x00000000ead80000,0x00000000ead80000,0x00000000eae00000)
 ParOldGen       total 156672K, used 156500K [0x00000000c0000000, 0x00000000c9900000, 0x00000000eab00000)
  object space 156672K, 99% used [0x00000000c0000000,0x00000000c98d5370,0x00000000c9900000)
 Metaspace       used 94891K, committed 96384K, reserved 1179648K
  class space    used 9381K, committed 10112K, reserved 1048576K
}
Event: 7892.794 GC heap before
{Heap before GC invocations=5746 (full 118):
 PSYoungGen      total 1536K, used 1248K [0x00000000eab00000, 0x00000000eae80000, 0x0000000100000000)
  eden space 1024K, 100% used [0x00000000eab00000,0x00000000eac00000,0x00000000eac00000)
  from space 512K, 43% used [0x00000000eae00000,0x00000000eae38000,0x00000000eae80000)
  to   space 512K, 0% used [0x00000000ead80000,0x00000000ead80000,0x00000000eae00000)
 ParOldGen       total 156672K, used 156500K [0x00000000c0000000, 0x00000000c9900000, 0x00000000eab00000)
  object space 156672K, 99% used [0x00000000c0000000,0x00000000c98d5370,0x00000000c9900000)
 Metaspace       used 94891K, committed 96384K, reserved 1179648K
  class space    used 9381K, committed 10112K, reserved 1048576K
}
Event: 7892.795 GC heap after
{Heap after GC invocations=5746 (full 118):
 PSYoungGen      total 1536K, used 224K [0x00000000eab00000, 0x00000000eae80000, 0x0000000100000000)
  eden space 1024K, 0% used [0x00000000eab00000,0x00000000eab00000,0x00000000eac00000)
  from space 512K, 43% used [0x00000000ead80000,0x00000000eadb8000,0x00000000eae00000)
  to   space 512K, 0% used [0x00000000eae00000,0x00000000eae00000,0x00000000eae80000)
 ParOldGen       total 156672K, used 156564K [0x00000000c0000000, 0x00000000c9900000, 0x00000000eab00000)
  object space 156672K, 99% used [0x00000000c0000000,0x00000000c98e5370,0x00000000c9900000)
 Metaspace       used 94891K, committed 96384K, reserved 1179648K
  class space    used 9381K, committed 10112K, reserved 1048576K
}
Event: 7892.815 GC heap before
{Heap before GC invocations=5747 (full 118):
 PSYoungGen      total 1536K, used 1248K [0x00000000eab00000, 0x00000000eae80000, 0x0000000100000000)
  eden space 1024K, 100% used [0x00000000eab00000,0x00000000eac00000,0x00000000eac00000)
  from space 512K, 43% used [0x00000000ead80000,0x00000000eadb8000,0x00000000eae00000)
  to   space 512K, 0% used [0x00000000eae00000,0x00000000eae00000,0x00000000eae80000)
 ParOldGen       total 156672K, used 156564K [0x00000000c0000000, 0x00000000c9900000, 0x00000000eab00000)
  object space 156672K, 99% used [0x00000000c0000000,0x00000000c98e5370,0x00000000c9900000)
 Metaspace       used 94891K, committed 96384K, reserved 1179648K
  class space    used 9381K, committed 10112K, reserved 1048576K
}
Event: 7892.816 GC heap after
{Heap after GC invocations=5747 (full 118):
 PSYoungGen      total 1536K, used 224K [0x00000000eab00000, 0x00000000eae80000, 0x0000000100000000)
  eden space 1024K, 0% used [0x00000000eab00000,0x00000000eab00000,0x00000000eac00000)
  from space 512K, 43% used [0x00000000eae00000,0x00000000eae38000,0x00000000eae80000)
  to   space 512K, 0% used [0x00000000ead80000,0x00000000ead80000,0x00000000eae00000)
 ParOldGen       total 156672K, used 156620K [0x00000000c0000000, 0x00000000c9900000, 0x00000000eab00000)
  object space 156672K, 99% used [0x00000000c0000000,0x00000000c98f3370,0x00000000c9900000)
 Metaspace       used 94891K, committed 96384K, reserved 1179648K
  class space    used 9381K, committed 10112K, reserved 1048576K
}
Event: 7892.816 GC heap before
{Heap before GC invocations=5748 (full 119):
 PSYoungGen      total 1536K, used 224K [0x00000000eab00000, 0x00000000eae80000, 0x0000000100000000)
  eden space 1024K, 0% used [0x00000000eab00000,0x00000000eab00000,0x00000000eac00000)
  from space 512K, 43% used [0x00000000eae00000,0x00000000eae38000,0x00000000eae80000)
  to   space 512K, 0% used [0x00000000ead80000,0x00000000ead80000,0x00000000eae00000)
 ParOldGen       total 156672K, used 156620K [0x00000000c0000000, 0x00000000c9900000, 0x00000000eab00000)
  object space 156672K, 99% used [0x00000000c0000000,0x00000000c98f3370,0x00000000c9900000)
 Metaspace       used 94891K, committed 96384K, reserved 1179648K
  class space    used 9381K, committed 10112K, reserved 1048576K
}

