# JRE version: OpenJDK Runtime Environment Temurin-17.0.10+7 (17.0.10+7) (build 17.0.10+7)
# Java VM: OpenJDK 64-Bit Server VM Temurin-17.0.10+7 (17.0.10+7, mixed mode, tiered, compressed oops, compressed class ptrs, parallel gc, windows-amd64)
GC Precious Log:
 CPUs: 8 total, 8 available
 Memory: 16118M
 Large Page Support: Disabled
 NUMA Support: Disabled
 Compressed Oops: Enabled (32-bit)
 Alignments: Space 512K, Generation 512K, Heap 2M
 Heap Min Capacity: 100M
 Heap Initial Capacity: 100M
 Heap Max Capacity: 1G
 Pre-touch: Disabled
 Parallel Workers: 8
Heap:
 PSYoungGen      total 21504K, used 3040K [0x00000000eab00000, 0x00000000ec900000, 0x0000000100000000)
  eden space 18432K, 0% used [0x00000000eab00000,0x00000000eab00000,0x00000000ebd00000)
  from space 3072K, 98% used [0x00000000ebd00000,0x00000000ebff8158,0x00000000ec000000)
  to   space 5120K, 0% used [0x00000000ec400000,0x00000000ec400000,0x00000000ec900000)
 ParOldGen       total 68608K, used 36092K [0x00000000c0000000, 0x00000000c4300000, 0x00000000eab00000)
  object space 68608K, 52% used [0x00000000c0000000,0x00000000c233f370,0x00000000c4300000)
 Metaspace       used 58638K, committed 59776K, reserved 1114112K
  class space    used 6337K, committed 6848K, reserved 1048576K
GC Heap History (20 events):
Event: 4.645 GC heap after
{Heap after GC invocations=20 (full 2):
 PSYoungGen      total 22528K, used 1936K [0x00000000eab00000, 0x00000000ec400000, 0x0000000100000000)
  eden space 20480K, 0% used [0x00000000eab00000,0x00000000eab00000,0x00000000ebf00000)
  from space 2048K, 94% used [0x00000000ec200000,0x00000000ec3e4370,0x00000000ec400000)
  to   space 2560K, 0% used [0x00000000ebf00000,0x00000000ebf00000,0x00000000ec180000)
 ParOldGen       total 68608K, used 25570K [0x00000000c0000000, 0x00000000c4300000, 0x00000000eab00000)
  object space 68608K, 37% used [0x00000000c0000000,0x00000000c18f88c0,0x00000000c4300000)
 Metaspace       used 45946K, committed 46912K, reserved 1114112K
  class space    used 4848K, committed 5312K, reserved 1048576K
}
Event: 4.684 GC heap before
{Heap before GC invocations=21 (full 2):
 PSYoungGen      total 22528K, used 22416K [0x00000000eab00000, 0x00000000ec400000, 0x0000000100000000)
  eden space 20480K, 100% used [0x00000000eab00000,0x00000000ebf00000,0x00000000ebf00000)
  from space 2048K, 94% used [0x00000000ec200000,0x00000000ec3e4370,0x00000000ec400000)
  to   space 2560K, 0% used [0x00000000ebf00000,0x00000000ebf00000,0x00000000ec180000)
 ParOldGen       total 68608K, used 25570K [0x00000000c0000000, 0x00000000c4300000, 0x00000000eab00000)
  object space 68608K, 37% used [0x00000000c0000000,0x00000000c18f88c0,0x00000000c4300000)
 Metaspace       used 46199K, committed 47232K, reserved 1114112K
  class space    used 4883K, committed 5376K, reserved 1048576K
}
Event: 4.689 GC heap after
{Heap after GC invocations=21 (full 2):
 PSYoungGen      total 22528K, used 1927K [0x00000000eab00000, 0x00000000ec300000, 0x0000000100000000)
  eden space 20480K, 0% used [0x00000000eab00000,0x00000000eab00000,0x00000000ebf00000)
  from space 2048K, 94% used [0x00000000ebf00000,0x00000000ec0e1ed8,0x00000000ec100000)
  to   space 2048K, 0% used [0x00000000ec100000,0x00000000ec100000,0x00000000ec300000)
 ParOldGen       total 68608K, used 27178K [0x00000000c0000000, 0x00000000c4300000, 0x00000000eab00000)
  object space 68608K, 39% used [0x00000000c0000000,0x00000000c1a8a8d0,0x00000000c4300000)
 Metaspace       used 46199K, committed 47232K, reserved 1114112K
  class space    used 4883K, committed 5376K, reserved 1048576K
}
Event: 4.743 GC heap before
{Heap before GC invocations=22 (full 2):
 PSYoungGen      total 22528K, used 22407K [0x00000000eab00000, 0x00000000ec300000, 0x0000000100000000)
  eden space 20480K, 100% used [0x00000000eab00000,0x00000000ebf00000,0x00000000ebf00000)
  from space 2048K, 94% used [0x00000000ebf00000,0x00000000ec0e1ed8,0x00000000ec100000)
  to   space 2048K, 0% used [0x00000000ec100000,0x00000000ec100000,0x00000000ec300000)
 ParOldGen       total 68608K, used 27178K [0x00000000c0000000, 0x00000000c4300000, 0x00000000eab00000)
  object space 68608K, 39% used [0x00000000c0000000,0x00000000c1a8a8d0,0x00000000c4300000)
 Metaspace       used 46527K, committed 47488K, reserved 1114112K
  class space    used 4927K, committed 5376K, reserved 1048576K
}
Event: 4.746 GC heap after
{Heap after GC invocations=22 (full 2):
 PSYoungGen      total 22016K, used 1248K [0x00000000eab00000, 0x00000000ec280000, 0x0000000100000000)
  eden space 20480K, 0% used [0x00000000eab00000,0x00000000eab00000,0x00000000ebf00000)
  from space 1536K, 81% used [0x00000000ec100000,0x00000000ec238000,0x00000000ec280000)
  to   space 1536K, 0% used [0x00000000ebf80000,0x00000000ebf80000,0x00000000ec100000)
 ParOldGen       total 68608K, used 28906K [0x00000000c0000000, 0x00000000c4300000, 0x00000000eab00000)
  object space 68608K, 42% used [0x00000000c0000000,0x00000000c1c3a8e0,0x00000000c4300000)
 Metaspace       used 46527K, committed 47488K, reserved 1114112K
  class space    used 4927K, committed 5376K, reserved 1048576K
}
Event: 4.848 GC heap before
{Heap before GC invocations=23 (full 2):
 PSYoungGen      total 22016K, used 21653K [0x00000000eab00000, 0x00000000ec280000, 0x0000000100000000)
  eden space 20480K, 99% used [0x00000000eab00000,0x00000000ebeed638,0x00000000ebf00000)
  from space 1536K, 81% used [0x00000000ec100000,0x00000000ec238000,0x00000000ec280000)
  to   space 1536K, 0% used [0x00000000ebf80000,0x00000000ebf80000,0x00000000ec100000)
 ParOldGen       total 68608K, used 28906K [0x00000000c0000000, 0x00000000c4300000, 0x00000000eab00000)
  object space 68608K, 42% used [0x00000000c0000000,0x00000000c1c3a8e0,0x00000000c4300000)
 Metaspace       used 48011K, committed 49024K, reserved 1114112K
  class space    used 5072K, committed 5568K, reserved 1048576K
}
Event: 4.850 GC heap after
{Heap after GC invocations=23 (full 2):
 PSYoungGen      total 22016K, used 1215K [0x00000000eab00000, 0x00000000ec200000, 0x0000000100000000)
  eden space 20480K, 0% used [0x00000000eab00000,0x00000000eab00000,0x00000000ebf00000)
  from space 1536K, 79% used [0x00000000ebf80000,0x00000000ec0afef0,0x00000000ec100000)
  to   space 1024K, 0% used [0x00000000ec100000,0x00000000ec100000,0x00000000ec200000)
 ParOldGen       total 68608K, used 30042K [0x00000000c0000000, 0x00000000c4300000, 0x00000000eab00000)
  object space 68608K, 43% used [0x00000000c0000000,0x00000000c1d568e0,0x00000000c4300000)
 Metaspace       used 48011K, committed 49024K, reserved 1114112K
  class space    used 5072K, committed 5568K, reserved 1048576K
}
Event: 5.007 GC heap before
{Heap before GC invocations=24 (full 2):
 PSYoungGen      total 22016K, used 21695K [0x00000000eab00000, 0x00000000ec200000, 0x0000000100000000)
  eden space 20480K, 100% used [0x00000000eab00000,0x00000000ebf00000,0x00000000ebf00000)
  from space 1536K, 79% used [0x00000000ebf80000,0x00000000ec0afef0,0x00000000ec100000)
  to   space 1024K, 0% used [0x00000000ec100000,0x00000000ec100000,0x00000000ec200000)
 ParOldGen       total 68608K, used 30042K [0x00000000c0000000, 0x00000000c4300000, 0x00000000eab00000)
  object space 68608K, 43% used [0x00000000c0000000,0x00000000c1d568e0,0x00000000c4300000)
 Metaspace       used 50668K, committed 51712K, reserved 1114112K
  class space    used 5391K, committed 5824K, reserved 1048576K
}
Event: 5.009 GC heap after
{Heap after GC invocations=24 (full 2):
 PSYoungGen      total 21504K, used 1009K [0x00000000eab00000, 0x00000000ec300000, 0x0000000100000000)
  eden space 20480K, 0% used [0x00000000eab00000,0x00000000eab00000,0x00000000ebf00000)
  from space 1024K, 98% used [0x00000000ec100000,0x00000000ec1fc468,0x00000000ec200000)
  to   space 2048K, 0% used [0x00000000ebf00000,0x00000000ebf00000,0x00000000ec100000)
 ParOldGen       total 68608K, used 30914K [0x00000000c0000000, 0x00000000c4300000, 0x00000000eab00000)
  object space 68608K, 45% used [0x00000000c0000000,0x00000000c1e30838,0x00000000c4300000)
 Metaspace       used 50668K, committed 51712K, reserved 1114112K
  class space    used 5391K, committed 5824K, reserved 1048576K
}
Event: 5.369 GC heap before
{Heap before GC invocations=25 (full 2):
 PSYoungGen      total 21504K, used 21464K [0x00000000eab00000, 0x00000000ec300000, 0x0000000100000000)
  eden space 20480K, 99% used [0x00000000eab00000,0x00000000ebef9e20,0x00000000ebf00000)
  from space 1024K, 98% used [0x00000000ec100000,0x00000000ec1fc468,0x00000000ec200000)
  to   space 2048K, 0% used [0x00000000ebf00000,0x00000000ebf00000,0x00000000ec100000)
 ParOldGen       total 68608K, used 30914K [0x00000000c0000000, 0x00000000c4300000, 0x00000000eab00000)
  object space 68608K, 45% used [0x00000000c0000000,0x00000000c1e30838,0x00000000c4300000)
 Metaspace       used 52892K, committed 53952K, reserved 1114112K
  class space    used 5684K, committed 6144K, reserved 1048576K
}
Event: 5.372 GC heap after
{Heap after GC invocations=25 (full 2):
 PSYoungGen      total 21504K, used 1008K [0x00000000eab00000, 0x00000000ec200000, 0x0000000100000000)
  eden space 20480K, 0% used [0x00000000eab00000,0x00000000eab00000,0x00000000ebf00000)
  from space 1024K, 98% used [0x00000000ebf00000,0x00000000ebffc010,0x00000000ec000000)
  to   space 1536K, 0% used [0x00000000ec080000,0x00000000ec080000,0x00000000ec200000)
 ParOldGen       total 68608K, used 31610K [0x00000000c0000000, 0x00000000c4300000, 0x00000000eab00000)
  object space 68608K, 46% used [0x00000000c0000000,0x00000000c1edeb80,0x00000000c4300000)
 Metaspace       used 52892K, committed 53952K, reserved 1114112K
  class space    used 5684K, committed 6144K, reserved 1048576K
}
Event: 5.605 GC heap before
{Heap before GC invocations=26 (full 2):
 PSYoungGen      total 21504K, used 21488K [0x00000000eab00000, 0x00000000ec200000, 0x0000000100000000)
  eden space 20480K, 100% used [0x00000000eab00000,0x00000000ebf00000,0x00000000ebf00000)
  from space 1024K, 98% used [0x00000000ebf00000,0x00000000ebffc010,0x00000000ec000000)
  to   space 1536K, 0% used [0x00000000ec080000,0x00000000ec080000,0x00000000ec200000)
 ParOldGen       total 68608K, used 31610K [0x00000000c0000000, 0x00000000c4300000, 0x00000000eab00000)
  object space 68608K, 46% used [0x00000000c0000000,0x00000000c1edeb80,0x00000000c4300000)
 Metaspace       used 54309K, committed 55424K, reserved 1114112K
  class space    used 5900K, committed 6400K, reserved 1048576K
}
Event: 5.607 GC heap after
{Heap after GC invocations=26 (full 2):
 PSYoungGen      total 22016K, used 1088K [0x00000000eab00000, 0x00000000ec200000, 0x0000000100000000)
  eden space 20480K, 0% used [0x00000000eab00000,0x00000000eab00000,0x00000000ebf00000)
  from space 1536K, 70% used [0x00000000ec080000,0x00000000ec190030,0x00000000ec200000)
  to   space 1536K, 0% used [0x00000000ebf00000,0x00000000ebf00000,0x00000000ec080000)
 ParOldGen       total 68608K, used 32482K [0x00000000c0000000, 0x00000000c4300000, 0x00000000eab00000)
  object space 68608K, 47% used [0x00000000c0000000,0x00000000c1fb8920,0x00000000c4300000)
 Metaspace       used 54309K, committed 55424K, reserved 1114112K
  class space    used 5900K, committed 6400K, reserved 1048576K
}
Event: 5.786 GC heap before
{Heap before GC invocations=27 (full 2):
 PSYoungGen      total 22016K, used 21568K [0x00000000eab00000, 0x00000000ec200000, 0x0000000100000000)
  eden space 20480K, 100% used [0x00000000eab00000,0x00000000ebf00000,0x00000000ebf00000)
  from space 1536K, 70% used [0x00000000ec080000,0x00000000ec190030,0x00000000ec200000)
  to   space 1536K, 0% used [0x00000000ebf00000,0x00000000ebf00000,0x00000000ec080000)
 ParOldGen       total 68608K, used 32482K [0x00000000c0000000, 0x00000000c4300000, 0x00000000eab00000)
  object space 68608K, 47% used [0x00000000c0000000,0x00000000c1fb8920,0x00000000c4300000)
 Metaspace       used 56134K, committed 57216K, reserved 1114112K
  class space    used 6103K, committed 6592K, reserved 1048576K
}
Event: 5.789 GC heap after
{Heap after GC invocations=27 (full 2):
 PSYoungGen      total 21504K, used 832K [0x00000000eab00000, 0x00000000ec100000, 0x0000000100000000)
  eden space 20480K, 0% used [0x00000000eab00000,0x00000000eab00000,0x00000000ebf00000)
  from space 1024K, 81% used [0x00000000ebf00000,0x00000000ebfd0020,0x00000000ec000000)
  to   space 1024K, 0% used [0x00000000ec000000,0x00000000ec000000,0x00000000ec100000)
 ParOldGen       total 68608K, used 33394K [0x00000000c0000000, 0x00000000c4300000, 0x00000000eab00000)
  object space 68608K, 48% used [0x00000000c0000000,0x00000000c209c940,0x00000000c4300000)
 Metaspace       used 56134K, committed 57216K, reserved 1114112K
  class space    used 6103K, committed 6592K, reserved 1048576K
}
Event: 6.024 GC heap before
{Heap before GC invocations=28 (full 2):
 PSYoungGen      total 21504K, used 21312K [0x00000000eab00000, 0x00000000ec100000, 0x0000000100000000)
  eden space 20480K, 100% used [0x00000000eab00000,0x00000000ebf00000,0x00000000ebf00000)
  from space 1024K, 81% used [0x00000000ebf00000,0x00000000ebfd0020,0x00000000ec000000)
  to   space 1024K, 0% used [0x00000000ec000000,0x00000000ec000000,0x00000000ec100000)
 ParOldGen       total 68608K, used 33394K [0x00000000c0000000, 0x00000000c4300000, 0x00000000eab00000)
  object space 68608K, 48% used [0x00000000c0000000,0x00000000c209c940,0x00000000c4300000)
 Metaspace       used 58115K, committed 59264K, reserved 1114112K
  class space    used 6290K, committed 6848K, reserved 1048576K
}
Event: 6.026 GC heap after
{Heap after GC invocations=28 (full 2):
 PSYoungGen      total 19456K, used 1012K [0x00000000eab00000, 0x00000000ec500000, 0x0000000100000000)
  eden space 18432K, 0% used [0x00000000eab00000,0x00000000eab00000,0x00000000ebd00000)
  from space 1024K, 98% used [0x00000000ec000000,0x00000000ec0fd2d8,0x00000000ec100000)
  to   space 3072K, 0% used [0x00000000ebd00000,0x00000000ebd00000,0x00000000ec000000)
 ParOldGen       total 68608K, used 34809K [0x00000000c0000000, 0x00000000c4300000, 0x00000000eab00000)
  object space 68608K, 50% used [0x00000000c0000000,0x00000000c21fe7c8,0x00000000c4300000)
 Metaspace       used 58115K, committed 59264K, reserved 1114112K
  class space    used 6290K, committed 6848K, reserved 1048576K
}
Event: 6.122 GC heap before
{Heap before GC invocations=29 (full 2):
 PSYoungGen      total 19456K, used 13987K [0x00000000eab00000, 0x00000000ec500000, 0x0000000100000000)
  eden space 18432K, 70% used [0x00000000eab00000,0x00000000eb7aba10,0x00000000ebd00000)
  from space 1024K, 98% used [0x00000000ec000000,0x00000000ec0fd2d8,0x00000000ec100000)
  to   space 3072K, 0% used [0x00000000ebd00000,0x00000000ebd00000,0x00000000ec000000)
 ParOldGen       total 68608K, used 34809K [0x00000000c0000000, 0x00000000c4300000, 0x00000000eab00000)
  object space 68608K, 50% used [0x00000000c0000000,0x00000000c21fe7c8,0x00000000c4300000)
 Metaspace       used 58638K, committed 59776K, reserved 1114112K
  class space    used 6337K, committed 6848K, reserved 1048576K
}
Event: 6.124 GC heap after
{Heap after GC invocations=29 (full 2):
 PSYoungGen      total 21504K, used 3040K [0x00000000eab00000, 0x00000000ec900000, 0x0000000100000000)
  eden space 18432K, 0% used [0x00000000eab00000,0x00000000eab00000,0x00000000ebd00000)
  from space 3072K, 98% used [0x00000000ebd00000,0x00000000ebff8158,0x00000000ec000000)
  to   space 5120K, 0% used [0x00000000ec400000,0x00000000ec400000,0x00000000ec900000)
 ParOldGen       total 68608K, used 36092K [0x00000000c0000000, 0x00000000c4300000, 0x00000000eab00000)
  object space 68608K, 52% used [0x00000000c0000000,0x00000000c233f370,0x00000000c4300000)
 Metaspace       used 58638K, committed 59776K, reserved 1114112K
  class space    used 6337K, committed 6848K, reserved 1048576K
}
Event: 6.124 GC heap before
{Heap before GC invocations=30 (full 3):
 PSYoungGen      total 21504K, used 3040K [0x00000000eab00000, 0x00000000ec900000, 0x0000000100000000)
  eden space 18432K, 0% used [0x00000000eab00000,0x00000000eab00000,0x00000000ebd00000)
  from space 3072K, 98% used [0x00000000ebd00000,0x00000000ebff8158,0x00000000ec000000)
  to   space 5120K, 0% used [0x00000000ec400000,0x00000000ec400000,0x00000000ec900000)
 ParOldGen       total 68608K, used 36092K [0x00000000c0000000, 0x00000000c4300000, 0x00000000eab00000)
  object space 68608K, 52% used [0x00000000c0000000,0x00000000c233f370,0x00000000c4300000)
 Metaspace       used 58638K, committed 59776K, reserved 1114112K
  class space    used 6337K, committed 6848K, reserved 1048576K
}

