# JRE version: OpenJDK Runtime Environment Temurin-17.0.10+7 (17.0.10+7) (build 17.0.10+7)
# Java VM: OpenJDK 64-Bit Server VM Temurin-17.0.10+7 (17.0.10+7, mixed mode, tiered, compressed oops, compressed class ptrs, parallel gc, windows-amd64)
GC Precious Log:
 CPUs: 8 total, 8 available
 Memory: 16118M
 Large Page Support: Disabled
 NUMA Support: Disabled
 Compressed Oops: Enabled (32-bit)
 Alignments: Space 512K, Generation 512K, Heap 2M
 Heap Min Capacity: 100M
 Heap Initial Capacity: 100M
 Heap Max Capacity: 1G
 Pre-touch: Disabled
 Parallel Workers: 8
Heap:
 PSYoungGen      total 4096K, used 4078K [0x00000000eab00000, 0x00000000eb580000, 0x0000000100000000)
  eden space 2560K, 100% used [0x00000000eab00000,0x00000000ead80000,0x00000000ead80000)
  from space 1536K, 98% used [0x00000000ead80000,0x00000000eaefbb90,0x00000000eaf00000)
  to   space 4096K, 6% used [0x00000000eb180000,0x00000000eb1c0020,0x00000000eb580000)
 ParOldGen       total 201216K, used 197796K [0x00000000c0000000, 0x00000000cc480000, 0x00000000eab00000)
  object space 201216K, 98% used [0x00000000c0000000,0x00000000cc1290f0,0x00000000cc480000)
 Metaspace       used 104598K, committed 106048K, reserved 1179648K
  class space    used 10340K, committed 11008K, reserved 1048576K
GC Heap History (20 events):
Event: 3801.106 GC heap after
{Heap after GC invocations=12757 (full 296):
 PSYoungGen      total 3584K, used 1006K [0x00000000eab00000, 0x00000000eb400000, 0x0000000100000000)
  eden space 2560K, 0% used [0x00000000eab00000,0x00000000eab00000,0x00000000ead80000)
  from space 1024K, 98% used [0x00000000eb080000,0x00000000eb17bb90,0x00000000eb180000)
  to   space 3072K, 0% used [0x00000000ead80000,0x00000000ead80000,0x00000000eb080000)
 ParOldGen       total 201216K, used 188973K [0x00000000c0000000, 0x00000000cc480000, 0x00000000eab00000)
  object space 201216K, 93% used [0x00000000c0000000,0x00000000cb88b6f8,0x00000000cc480000)
 Metaspace       used 104598K, committed 106048K, reserved 1179648K
  class space    used 10340K, committed 11008K, reserved 1048576K
}
Event: 3801.113 GC heap before
{Heap before GC invocations=12758 (full 296):
 PSYoungGen      total 3584K, used 3566K [0x00000000eab00000, 0x00000000eb400000, 0x0000000100000000)
  eden space 2560K, 100% used [0x00000000eab00000,0x00000000ead80000,0x00000000ead80000)
  from space 1024K, 98% used [0x00000000eb080000,0x00000000eb17bb90,0x00000000eb180000)
  to   space 3072K, 0% used [0x00000000ead80000,0x00000000ead80000,0x00000000eb080000)
 ParOldGen       total 201216K, used 188973K [0x00000000c0000000, 0x00000000cc480000, 0x00000000eab00000)
  object space 201216K, 93% used [0x00000000c0000000,0x00000000cb88b6f8,0x00000000cc480000)
 Metaspace       used 104598K, committed 106048K, reserved 1179648K
  class space    used 10340K, committed 11008K, reserved 1048576K
}
Event: 3801.114 GC heap after
{Heap after GC invocations=12758 (full 296):
 PSYoungGen      total 3072K, used 494K [0x00000000eab00000, 0x00000000eb100000, 0x0000000100000000)
  eden space 2560K, 0% used [0x00000000eab00000,0x00000000eab00000,0x00000000ead80000)
  from space 512K, 96% used [0x00000000ead80000,0x00000000eadfbb90,0x00000000eae00000)
  to   space 1536K, 0% used [0x00000000eaf80000,0x00000000eaf80000,0x00000000eb100000)
 ParOldGen       total 201216K, used 189045K [0x00000000c0000000, 0x00000000cc480000, 0x00000000eab00000)
  object space 201216K, 93% used [0x00000000c0000000,0x00000000cb89d6f8,0x00000000cc480000)
 Metaspace       used 104598K, committed 106048K, reserved 1179648K
  class space    used 10340K, committed 11008K, reserved 1048576K
}
Event: 3801.120 GC heap before
{Heap before GC invocations=12759 (full 296):
 PSYoungGen      total 3072K, used 3054K [0x00000000eab00000, 0x00000000eb100000, 0x0000000100000000)
  eden space 2560K, 100% used [0x00000000eab00000,0x00000000ead80000,0x00000000ead80000)
  from space 512K, 96% used [0x00000000ead80000,0x00000000eadfbb90,0x00000000eae00000)
  to   space 1536K, 0% used [0x00000000eaf80000,0x00000000eaf80000,0x00000000eb100000)
 ParOldGen       total 201216K, used 189045K [0x00000000c0000000, 0x00000000cc480000, 0x00000000eab00000)
  object space 201216K, 93% used [0x00000000c0000000,0x00000000cb89d6f8,0x00000000cc480000)
 Metaspace       used 104598K, committed 106048K, reserved 1179648K
  class space    used 10340K, committed 11008K, reserved 1048576K
}
Event: 3801.122 GC heap after
{Heap after GC invocations=12759 (full 296):
 PSYoungGen      total 2560K, used 1536K [0x00000000eab00000, 0x00000000eb500000, 0x0000000100000000)
  eden space 1024K, 0% used [0x00000000eab00000,0x00000000eab00000,0x00000000eac00000)
  from space 1536K, 100% used [0x00000000eaf80000,0x00000000eb100000,0x00000000eb100000)
  to   space 3584K, 0% used [0x00000000eac00000,0x00000000eac00000,0x00000000eaf80000)
 ParOldGen       total 201216K, used 190404K [0x00000000c0000000, 0x00000000cc480000, 0x00000000eab00000)
  object space 201216K, 94% used [0x00000000c0000000,0x00000000cb9f1288,0x00000000cc480000)
 Metaspace       used 104598K, committed 106048K, reserved 1179648K
  class space    used 10340K, committed 11008K, reserved 1048576K
}
Event: 3801.139 GC heap before
{Heap before GC invocations=12760 (full 296):
 PSYoungGen      total 2560K, used 2558K [0x00000000eab00000, 0x00000000eb500000, 0x0000000100000000)
  eden space 1024K, 99% used [0x00000000eab00000,0x00000000eabffa88,0x00000000eac00000)
  from space 1536K, 100% used [0x00000000eaf80000,0x00000000eb100000,0x00000000eb100000)
  to   space 3584K, 0% used [0x00000000eac00000,0x00000000eac00000,0x00000000eaf80000)
 ParOldGen       total 201216K, used 190404K [0x00000000c0000000, 0x00000000cc480000, 0x00000000eab00000)
  object space 201216K, 94% used [0x00000000c0000000,0x00000000cb9f1288,0x00000000cc480000)
 Metaspace       used 104598K, committed 106048K, reserved 1179648K
  class space    used 10340K, committed 11008K, reserved 1048576K
}
Event: 3801.142 GC heap after
{Heap after GC invocations=12760 (full 296):
 PSYoungGen      total 2048K, used 922K [0x00000000eab00000, 0x00000000eb080000, 0x0000000100000000)
  eden space 1024K, 0% used [0x00000000eab00000,0x00000000eab00000,0x00000000eac00000)
  from space 1024K, 90% used [0x00000000eac00000,0x00000000eace6900,0x00000000ead00000)
  to   space 2048K, 0% used [0x00000000eae80000,0x00000000eae80000,0x00000000eb080000)
 ParOldGen       total 201216K, used 191980K [0x00000000c0000000, 0x00000000cc480000, 0x00000000eab00000)
  object space 201216K, 95% used [0x00000000c0000000,0x00000000cbb7b288,0x00000000cc480000)
 Metaspace       used 104598K, committed 106048K, reserved 1179648K
  class space    used 10340K, committed 11008K, reserved 1048576K
}
Event: 3801.146 GC heap before
{Heap before GC invocations=12761 (full 296):
 PSYoungGen      total 2048K, used 1946K [0x00000000eab00000, 0x00000000eb080000, 0x0000000100000000)
  eden space 1024K, 99% used [0x00000000eab00000,0x00000000eabfffd0,0x00000000eac00000)
  from space 1024K, 90% used [0x00000000eac00000,0x00000000eace6900,0x00000000ead00000)
  to   space 2048K, 0% used [0x00000000eae80000,0x00000000eae80000,0x00000000eb080000)
 ParOldGen       total 201216K, used 191980K [0x00000000c0000000, 0x00000000cc480000, 0x00000000eab00000)
  object space 201216K, 95% used [0x00000000c0000000,0x00000000cbb7b288,0x00000000cc480000)
 Metaspace       used 104598K, committed 106048K, reserved 1179648K
  class space    used 10340K, committed 11008K, reserved 1048576K
}
Event: 3801.148 GC heap after
{Heap after GC invocations=12761 (full 296):
 PSYoungGen      total 2048K, used 192K [0x00000000eab00000, 0x00000000eaf00000, 0x0000000100000000)
  eden space 1536K, 0% used [0x00000000eab00000,0x00000000eab00000,0x00000000eac80000)
  from space 512K, 37% used [0x00000000eae80000,0x00000000eaeb0020,0x00000000eaf00000)
  to   space 1024K, 0% used [0x00000000ead00000,0x00000000ead00000,0x00000000eae00000)
 ParOldGen       total 201216K, used 192841K [0x00000000c0000000, 0x00000000cc480000, 0x00000000eab00000)
  object space 201216K, 95% used [0x00000000c0000000,0x00000000cbc52488,0x00000000cc480000)
 Metaspace       used 104598K, committed 106048K, reserved 1179648K
  class space    used 10340K, committed 11008K, reserved 1048576K
}
Event: 3801.151 GC heap before
{Heap before GC invocations=12762 (full 296):
 PSYoungGen      total 2048K, used 1728K [0x00000000eab00000, 0x00000000eaf00000, 0x0000000100000000)
  eden space 1536K, 100% used [0x00000000eab00000,0x00000000eac80000,0x00000000eac80000)
  from space 512K, 37% used [0x00000000eae80000,0x00000000eaeb0020,0x00000000eaf00000)
  to   space 1024K, 0% used [0x00000000ead00000,0x00000000ead00000,0x00000000eae00000)
 ParOldGen       total 201216K, used 192841K [0x00000000c0000000, 0x00000000cc480000, 0x00000000eab00000)
  object space 201216K, 95% used [0x00000000c0000000,0x00000000cbc52488,0x00000000cc480000)
 Metaspace       used 104598K, committed 106048K, reserved 1179648K
  class space    used 10340K, committed 11008K, reserved 1048576K
}
Event: 3801.152 GC heap after
{Heap after GC invocations=12762 (full 296):
 PSYoungGen      total 3072K, used 416K [0x00000000eab00000, 0x00000000eaf00000, 0x0000000100000000)
  eden space 2048K, 0% used [0x00000000eab00000,0x00000000eab00000,0x00000000ead00000)
  from space 1024K, 40% used [0x00000000ead00000,0x00000000ead68000,0x00000000eae00000)
  to   space 512K, 0% used [0x00000000eae80000,0x00000000eae80000,0x00000000eaf00000)
 ParOldGen       total 201216K, used 193001K [0x00000000c0000000, 0x00000000cc480000, 0x00000000eab00000)
  object space 201216K, 95% used [0x00000000c0000000,0x00000000cbc7a4a8,0x00000000cc480000)
 Metaspace       used 104598K, committed 106048K, reserved 1179648K
  class space    used 10340K, committed 11008K, reserved 1048576K
}
Event: 3801.157 GC heap before
{Heap before GC invocations=12763 (full 296):
 PSYoungGen      total 3072K, used 2464K [0x00000000eab00000, 0x00000000eaf00000, 0x0000000100000000)
  eden space 2048K, 100% used [0x00000000eab00000,0x00000000ead00000,0x00000000ead00000)
  from space 1024K, 40% used [0x00000000ead00000,0x00000000ead68000,0x00000000eae00000)
  to   space 512K, 0% used [0x00000000eae80000,0x00000000eae80000,0x00000000eaf00000)
 ParOldGen       total 201216K, used 193001K [0x00000000c0000000, 0x00000000cc480000, 0x00000000eab00000)
  object space 201216K, 95% used [0x00000000c0000000,0x00000000cbc7a4a8,0x00000000cc480000)
 Metaspace       used 104598K, committed 106048K, reserved 1179648K
  class space    used 10340K, committed 11008K, reserved 1048576K
}
Event: 3801.159 GC heap after
{Heap after GC invocations=12763 (full 296):
 PSYoungGen      total 2048K, used 487K [0x00000000eab00000, 0x00000000eb180000, 0x0000000100000000)
  eden space 1536K, 0% used [0x00000000eab00000,0x00000000eab00000,0x00000000eac80000)
  from space 512K, 95% used [0x00000000eae80000,0x00000000eaef9dc8,0x00000000eaf00000)
  to   space 2048K, 0% used [0x00000000eac80000,0x00000000eac80000,0x00000000eae80000)
 ParOldGen       total 201216K, used 193904K [0x00000000c0000000, 0x00000000cc480000, 0x00000000eab00000)
  object space 201216K, 96% used [0x00000000c0000000,0x00000000cbd5c270,0x00000000cc480000)
 Metaspace       used 104598K, committed 106048K, reserved 1179648K
  class space    used 10340K, committed 11008K, reserved 1048576K
}
Event: 3801.161 GC heap before
{Heap before GC invocations=12764 (full 296):
 PSYoungGen      total 2048K, used 2023K [0x00000000eab00000, 0x00000000eb180000, 0x0000000100000000)
  eden space 1536K, 100% used [0x00000000eab00000,0x00000000eac80000,0x00000000eac80000)
  from space 512K, 95% used [0x00000000eae80000,0x00000000eaef9dc8,0x00000000eaf00000)
  to   space 2048K, 0% used [0x00000000eac80000,0x00000000eac80000,0x00000000eae80000)
 ParOldGen       total 201216K, used 193904K [0x00000000c0000000, 0x00000000cc480000, 0x00000000eab00000)
  object space 201216K, 96% used [0x00000000c0000000,0x00000000cbd5c270,0x00000000cc480000)
 Metaspace       used 104598K, committed 106048K, reserved 1179648K
  class space    used 10340K, committed 11008K, reserved 1048576K
}
Event: 3801.163 GC heap after
{Heap after GC invocations=12764 (full 296):
 PSYoungGen      total 3584K, used 1536K [0x00000000eab00000, 0x00000000eb100000, 0x0000000100000000)
  eden space 1536K, 0% used [0x00000000eab00000,0x00000000eab00000,0x00000000eac80000)
  from space 2048K, 75% used [0x00000000eac80000,0x00000000eae00000,0x00000000eae80000)
  to   space 2048K, 0% used [0x00000000eaf00000,0x00000000eaf00000,0x00000000eb100000)
 ParOldGen       total 201216K, used 194428K [0x00000000c0000000, 0x00000000cc480000, 0x00000000eab00000)
  object space 201216K, 96% used [0x00000000c0000000,0x00000000cbddf0f0,0x00000000cc480000)
 Metaspace       used 104598K, committed 106048K, reserved 1179648K
  class space    used 10340K, committed 11008K, reserved 1048576K
}
Event: 3801.169 GC heap before
{Heap before GC invocations=12765 (full 296):
 PSYoungGen      total 3584K, used 3047K [0x00000000eab00000, 0x00000000eb100000, 0x0000000100000000)
  eden space 1536K, 98% used [0x00000000eab00000,0x00000000eac79fa0,0x00000000eac80000)
  from space 2048K, 75% used [0x00000000eac80000,0x00000000eae00000,0x00000000eae80000)
  to   space 2048K, 0% used [0x00000000eaf00000,0x00000000eaf00000,0x00000000eb100000)
 ParOldGen       total 201216K, used 194428K [0x00000000c0000000, 0x00000000cc480000, 0x00000000eab00000)
  object space 201216K, 96% used [0x00000000c0000000,0x00000000cbddf0f0,0x00000000cc480000)
 Metaspace       used 104598K, committed 106048K, reserved 1179648K
  class space    used 10340K, committed 11008K, reserved 1048576K
}
Event: 3801.171 GC heap after
{Heap after GC invocations=12765 (full 296):
 PSYoungGen      total 3584K, used 1440K [0x00000000eab00000, 0x00000000eb080000, 0x0000000100000000)
  eden space 2048K, 0% used [0x00000000eab00000,0x00000000eab00000,0x00000000ead00000)
  from space 1536K, 93% used [0x00000000eaf00000,0x00000000eb068000,0x00000000eb080000)
  to   space 1536K, 0% used [0x00000000ead80000,0x00000000ead80000,0x00000000eaf00000)
 ParOldGen       total 201216K, used 195956K [0x00000000c0000000, 0x00000000cc480000, 0x00000000eab00000)
  object space 201216K, 97% used [0x00000000c0000000,0x00000000cbf5d0f0,0x00000000cc480000)
 Metaspace       used 104598K, committed 106048K, reserved 1179648K
  class space    used 10340K, committed 11008K, reserved 1048576K
}
Event: 3801.175 GC heap before
{Heap before GC invocations=12766 (full 296):
 PSYoungGen      total 3584K, used 3488K [0x00000000eab00000, 0x00000000eb080000, 0x0000000100000000)
  eden space 2048K, 100% used [0x00000000eab00000,0x00000000ead00000,0x00000000ead00000)
  from space 1536K, 93% used [0x00000000eaf00000,0x00000000eb068000,0x00000000eb080000)
  to   space 1536K, 0% used [0x00000000ead80000,0x00000000ead80000,0x00000000eaf00000)
 ParOldGen       total 201216K, used 195956K [0x00000000c0000000, 0x00000000cc480000, 0x00000000eab00000)
  object space 201216K, 97% used [0x00000000c0000000,0x00000000cbf5d0f0,0x00000000cc480000)
 Metaspace       used 104598K, committed 106048K, reserved 1179648K
  class space    used 10340K, committed 11008K, reserved 1048576K
}
Event: 3801.178 GC heap after
{Heap after GC invocations=12766 (full 296):
 PSYoungGen      total 4096K, used 1518K [0x00000000eab00000, 0x00000000eb580000, 0x0000000100000000)
  eden space 2560K, 0% used [0x00000000eab00000,0x00000000eab00000,0x00000000ead80000)
  from space 1536K, 98% used [0x00000000ead80000,0x00000000eaefbb90,0x00000000eaf00000)
  to   space 4096K, 0% used [0x00000000eb180000,0x00000000eb180000,0x00000000eb580000)
 ParOldGen       total 201216K, used 197796K [0x00000000c0000000, 0x00000000cc480000, 0x00000000eab00000)
  object space 201216K, 98% used [0x00000000c0000000,0x00000000cc1290f0,0x00000000cc480000)
 Metaspace       used 104598K, committed 106048K, reserved 1179648K
  class space    used 10340K, committed 11008K, reserved 1048576K
}
Event: 3801.845 GC heap before
{Heap before GC invocations=12767 (full 296):
 PSYoungGen      total 4096K, used 4078K [0x00000000eab00000, 0x00000000eb580000, 0x0000000100000000)
  eden space 2560K, 100% used [0x00000000eab00000,0x00000000ead80000,0x00000000ead80000)
  from space 1536K, 98% used [0x00000000ead80000,0x00000000eaefbb90,0x00000000eaf00000)
  to   space 4096K, 0% used [0x00000000eb180000,0x00000000eb180000,0x00000000eb580000)
 ParOldGen       total 201216K, used 197796K [0x00000000c0000000, 0x00000000cc480000, 0x00000000eab00000)
  object space 201216K, 98% used [0x00000000c0000000,0x00000000cc1290f0,0x00000000cc480000)
 Metaspace       used 104598K, committed 106048K, reserved 1179648K
  class space    used 10340K, committed 11008K, reserved 1048576K
}

