# JRE version: Java(TM) SE Runtime Environment (21.0+35) (build 21+35-LTS-2513)
# Java VM: Java HotSpot(TM) 64-Bit Server VM (21+35-LTS-2513, mixed mode, sharing, tiered, compressed oops, compressed class ptrs, g1 gc, windows-amd64)
GC Precious Log:
 CardTable entry size: 512
 Card Set container configuration: InlinePtr #cards 4 size 8 Array Of Cards #cards 16 size 48 Howl #buckets 8 coarsen threshold 3686 Howl Bitmap #cards 512 size 80 coarsen threshold 460 Card regions per heap region 1 cards per card region 4096
 CPUs: 8 total, 8 available
 Memory: 16118M
 Large Page Support: Disabled
 NUMA Support: Disabled
 Compressed Oops: Enabled (Zero based)
 Heap Region Size: 2M
 Heap Min Capacity: 8M
 Heap Initial Capacity: 252M
 Heap Max Capacity: 4030M
 Pre-touch: Disabled
 Parallel Workers: 8
 Concurrent Workers: 2
 Concurrent Refinement Workers: 8
 Periodic GC: Disabled
Heap:
 garbage-first heap   total 110592K, used 84321K [0x0000000704200000, 0x0000000800000000)
  region size 2048K, 28 young (57344K), 0 survivors (0K)
 Metaspace       used 78263K, committed 79232K, reserved 1179648K
  class space    used 9780K, committed 10240K, reserved 1048576K
GC Heap History (20 events):
Event: 175.890 GC heap before
{Heap before GC invocations=43 (full 11):
 garbage-first heap   total 92160K, used 60662K [0x0000000704200000, 0x0000000800000000)
  region size 2048K, 17 young (34816K), 2 survivors (4096K)
 Metaspace       used 76697K, committed 77632K, reserved 1179648K
  class space    used 9662K, committed 10112K, reserved 1048576K
}
Event: 175.943 GC heap after
{Heap after GC invocations=44 (full 12):
 garbage-first heap   total 92160K, used 28230K [0x0000000704200000, 0x0000000800000000)
  region size 2048K, 0 young (0K), 0 survivors (0K)
 Metaspace       used 76694K, committed 77632K, reserved 1179648K
  class space    used 9661K, committed 10112K, reserved 1048576K
}
Event: 176.297 GC heap before
{Heap before GC invocations=44 (full 12):
 garbage-first heap   total 92160K, used 75334K [0x0000000704200000, 0x0000000800000000)
  region size 2048K, 23 young (47104K), 0 survivors (0K)
 Metaspace       used 76930K, committed 77824K, reserved 1179648K
  class space    used 9675K, committed 10112K, reserved 1048576K
}
Event: 176.300 GC heap after
{Heap after GC invocations=45 (full 12):
 garbage-first heap   total 92160K, used 32194K [0x0000000704200000, 0x0000000800000000)
  region size 2048K, 2 young (4096K), 2 survivors (4096K)
 Metaspace       used 76930K, committed 77824K, reserved 1179648K
  class space    used 9675K, committed 10112K, reserved 1048576K
}
Event: 183.137 GC heap before
{Heap before GC invocations=45 (full 12):
 garbage-first heap   total 92160K, used 60866K [0x0000000704200000, 0x0000000800000000)
  region size 2048K, 17 young (34816K), 2 survivors (4096K)
 Metaspace       used 77123K, committed 78016K, reserved 1179648K
  class space    used 9685K, committed 10112K, reserved 1048576K
}
Event: 183.197 GC heap after
{Heap after GC invocations=46 (full 13):
 garbage-first heap   total 92160K, used 28399K [0x0000000704200000, 0x0000000800000000)
  region size 2048K, 0 young (0K), 0 survivors (0K)
 Metaspace       used 77121K, committed 78016K, reserved 1179648K
  class space    used 9685K, committed 10112K, reserved 1048576K
}
Event: 185.635 GC heap before
{Heap before GC invocations=46 (full 13):
 garbage-first heap   total 92160K, used 73455K [0x0000000704200000, 0x0000000800000000)
  region size 2048K, 23 young (47104K), 0 survivors (0K)
 Metaspace       used 77434K, committed 78336K, reserved 1179648K
  class space    used 9731K, committed 10176K, reserved 1048576K
}
Event: 185.638 GC heap after
{Heap after GC invocations=47 (full 13):
 garbage-first heap   total 92160K, used 30935K [0x0000000704200000, 0x0000000800000000)
  region size 2048K, 2 young (4096K), 2 survivors (4096K)
 Metaspace       used 77434K, committed 78336K, reserved 1179648K
  class space    used 9731K, committed 10176K, reserved 1048576K
}
Event: 194.215 GC heap before
{Heap before GC invocations=47 (full 13):
 garbage-first heap   total 92160K, used 73943K [0x0000000704200000, 0x0000000800000000)
  region size 2048K, 24 young (49152K), 2 survivors (4096K)
 Metaspace       used 77495K, committed 78400K, reserved 1179648K
  class space    used 9735K, committed 10176K, reserved 1048576K
}
Event: 194.218 GC heap after
{Heap after GC invocations=48 (full 13):
 garbage-first heap   total 92160K, used 31227K [0x0000000704200000, 0x0000000800000000)
  region size 2048K, 2 young (4096K), 2 survivors (4096K)
 Metaspace       used 77495K, committed 78400K, reserved 1179648K
  class space    used 9735K, committed 10176K, reserved 1048576K
}
Event: 198.642 GC heap before
{Heap before GC invocations=48 (full 13):
 garbage-first heap   total 92160K, used 76283K [0x0000000704200000, 0x0000000800000000)
  region size 2048K, 24 young (49152K), 2 survivors (4096K)
 Metaspace       used 77581K, committed 78528K, reserved 1179648K
  class space    used 9743K, committed 10176K, reserved 1048576K
}
Event: 198.645 GC heap after
{Heap after GC invocations=49 (full 13):
 garbage-first heap   total 92160K, used 32352K [0x0000000704200000, 0x0000000800000000)
  region size 2048K, 2 young (4096K), 2 survivors (4096K)
 Metaspace       used 77581K, committed 78528K, reserved 1179648K
  class space    used 9743K, committed 10176K, reserved 1048576K
}
Event: 199.950 GC heap before
{Heap before GC invocations=49 (full 13):
 garbage-first heap   total 92160K, used 77408K [0x0000000704200000, 0x0000000800000000)
  region size 2048K, 24 young (49152K), 2 survivors (4096K)
 Metaspace       used 77826K, committed 78848K, reserved 1179648K
  class space    used 9756K, committed 10240K, reserved 1048576K
}
Event: 199.954 GC heap after
{Heap after GC invocations=50 (full 13):
 garbage-first heap   total 92160K, used 34258K [0x0000000704200000, 0x0000000800000000)
  region size 2048K, 3 young (6144K), 3 survivors (6144K)
 Metaspace       used 77826K, committed 78848K, reserved 1179648K
  class space    used 9756K, committed 10240K, reserved 1048576K
}
Event: 200.389 GC heap before
{Heap before GC invocations=50 (full 13):
 garbage-first heap   total 92160K, used 34258K [0x0000000704200000, 0x0000000800000000)
  region size 2048K, 4 young (8192K), 3 survivors (6144K)
 Metaspace       used 77839K, committed 78848K, reserved 1179648K
  class space    used 9757K, committed 10240K, reserved 1048576K
}
Event: 200.449 GC heap after
{Heap after GC invocations=51 (full 14):
 garbage-first heap   total 92160K, used 28933K [0x0000000704200000, 0x0000000800000000)
  region size 2048K, 0 young (0K), 0 survivors (0K)
 Metaspace       used 77829K, committed 78848K, reserved 1179648K
  class space    used 9755K, committed 10240K, reserved 1048576K
}
Event: 200.745 GC heap before
{Heap before GC invocations=51 (full 14):
 garbage-first heap   total 92160K, used 76037K [0x0000000704200000, 0x0000000800000000)
  region size 2048K, 24 young (49152K), 0 survivors (0K)
 Metaspace       used 78065K, committed 79040K, reserved 1179648K
  class space    used 9770K, committed 10240K, reserved 1048576K
}
Event: 200.749 GC heap after
{Heap after GC invocations=52 (full 14):
 garbage-first heap   total 137216K, used 33349K [0x0000000704200000, 0x0000000800000000)
  region size 2048K, 3 young (6144K), 3 survivors (6144K)
 Metaspace       used 78065K, committed 79040K, reserved 1179648K
  class space    used 9770K, committed 10240K, reserved 1048576K
}
Event: 222.434 GC heap before
{Heap before GC invocations=52 (full 14):
 garbage-first heap   total 137216K, used 66117K [0x0000000704200000, 0x0000000800000000)
  region size 2048K, 20 young (40960K), 3 survivors (6144K)
 Metaspace       used 78179K, committed 79168K, reserved 1179648K
  class space    used 9774K, committed 10240K, reserved 1048576K
}
Event: 222.480 GC heap after
{Heap after GC invocations=53 (full 15):
 garbage-first heap   total 110592K, used 29025K [0x0000000704200000, 0x0000000800000000)
  region size 2048K, 0 young (0K), 0 survivors (0K)
 Metaspace       used 78176K, committed 79168K, reserved 1179648K
  class space    used 9774K, committed 10240K, reserved 1048576K
}

