# JRE version: OpenJDK Runtime Environment Temurin-17.0.10+7 (17.0.10+7) (build 17.0.10+7)
# Java VM: OpenJDK 64-Bit Server VM Temurin-17.0.10+7 (17.0.10+7, mixed mode, tiered, compressed oops, compressed class ptrs, parallel gc, windows-amd64)
GC Precious Log:
 CPUs: 8 total, 8 available
 Memory: 16118M
 Large Page Support: Disabled
 NUMA Support: Disabled
 Compressed Oops: Enabled (32-bit)
 Alignments: Space 512K, Generation 512K, Heap 2M
 Heap Min Capacity: 100M
 Heap Initial Capacity: 100M
 Heap Max Capacity: 1G
 Pre-touch: Disabled
 Parallel Workers: 8
Heap:
 PSYoungGen      total 12288K, used 512K [0x00000000eab00000, 0x00000000ecc80000, 0x0000000100000000)
  eden space 11776K, 0% used [0x00000000eab00000,0x00000000eab00000,0x00000000eb680000)
  from space 512K, 100% used [0x00000000ec480000,0x00000000ec500000,0x00000000ec500000)
  to   space 11264K, 0% used [0x00000000eb680000,0x00000000eb680000,0x00000000ec180000)
 ParOldGen       total 96768K, used 88649K [0x00000000c0000000, 0x00000000c5e80000, 0x00000000eab00000)
  object space 96768K, 91% used [0x00000000c0000000,0x00000000c56925e0,0x00000000c5e80000)
 Metaspace       used 77595K, committed 79040K, reserved 1179648K
  class space    used 8108K, committed 8768K, reserved 1048576K
GC Heap History (20 events):
Event: 24.543 GC heap after
{Heap after GC invocations=74 (full 5):
 PSYoungGen      total 20992K, used 0K [0x00000000eab00000, 0x00000000ec880000, 0x0000000100000000)
  eden space 11776K, 0% used [0x00000000eab00000,0x00000000eab00000,0x00000000eb680000)
  from space 9216K, 0% used [0x00000000eb680000,0x00000000eb680000,0x00000000ebf80000)
  to   space 9216K, 0% used [0x00000000ebf80000,0x00000000ebf80000,0x00000000ec880000)
 ParOldGen       total 96768K, used 63087K [0x00000000c0000000, 0x00000000c5e80000, 0x00000000eab00000)
  object space 96768K, 65% used [0x00000000c0000000,0x00000000c3d9bd38,0x00000000c5e80000)
 Metaspace       used 76596K, committed 78144K, reserved 1179648K
  class space    used 8027K, committed 8704K, reserved 1048576K
}
Event: 24.722 GC heap before
{Heap before GC invocations=75 (full 5):
 PSYoungGen      total 20992K, used 11776K [0x00000000eab00000, 0x00000000ec880000, 0x0000000100000000)
  eden space 11776K, 100% used [0x00000000eab00000,0x00000000eb680000,0x00000000eb680000)
  from space 9216K, 0% used [0x00000000eb680000,0x00000000eb680000,0x00000000ebf80000)
  to   space 9216K, 0% used [0x00000000ebf80000,0x00000000ebf80000,0x00000000ec880000)
 ParOldGen       total 96768K, used 63087K [0x00000000c0000000, 0x00000000c5e80000, 0x00000000eab00000)
  object space 96768K, 65% used [0x00000000c0000000,0x00000000c3d9bd38,0x00000000c5e80000)
 Metaspace       used 76598K, committed 78144K, reserved 1179648K
  class space    used 8027K, committed 8704K, reserved 1048576K
}
Event: 24.727 GC heap after
{Heap after GC invocations=75 (full 5):
 PSYoungGen      total 18944K, used 6752K [0x00000000eab00000, 0x00000000ec680000, 0x0000000100000000)
  eden space 11776K, 0% used [0x00000000eab00000,0x00000000eab00000,0x00000000eb680000)
  from space 7168K, 94% used [0x00000000ebf80000,0x00000000ec618000,0x00000000ec680000)
  to   space 7680K, 0% used [0x00000000eb780000,0x00000000eb780000,0x00000000ebf00000)
 ParOldGen       total 96768K, used 63087K [0x00000000c0000000, 0x00000000c5e80000, 0x00000000eab00000)
  object space 96768K, 65% used [0x00000000c0000000,0x00000000c3d9bd38,0x00000000c5e80000)
 Metaspace       used 76598K, committed 78144K, reserved 1179648K
  class space    used 8027K, committed 8704K, reserved 1048576K
}
Event: 24.954 GC heap before
{Heap before GC invocations=76 (full 5):
 PSYoungGen      total 18944K, used 18528K [0x00000000eab00000, 0x00000000ec680000, 0x0000000100000000)
  eden space 11776K, 100% used [0x00000000eab00000,0x00000000eb680000,0x00000000eb680000)
  from space 7168K, 94% used [0x00000000ebf80000,0x00000000ec618000,0x00000000ec680000)
  to   space 7680K, 0% used [0x00000000eb780000,0x00000000eb780000,0x00000000ebf00000)
 ParOldGen       total 96768K, used 63087K [0x00000000c0000000, 0x00000000c5e80000, 0x00000000eab00000)
  object space 96768K, 65% used [0x00000000c0000000,0x00000000c3d9bd38,0x00000000c5e80000)
 Metaspace       used 76652K, committed 78144K, reserved 1179648K
  class space    used 8030K, committed 8704K, reserved 1048576K
}
Event: 24.962 GC heap after
{Heap after GC invocations=76 (full 5):
 PSYoungGen      total 19456K, used 7671K [0x00000000eab00000, 0x00000000ed480000, 0x0000000100000000)
  eden space 11776K, 0% used [0x00000000eab00000,0x00000000eab00000,0x00000000eb680000)
  from space 7680K, 99% used [0x00000000eb780000,0x00000000ebefddd0,0x00000000ebf00000)
  to   space 15360K, 0% used [0x00000000ec580000,0x00000000ec580000,0x00000000ed480000)
 ParOldGen       total 96768K, used 69279K [0x00000000c0000000, 0x00000000c5e80000, 0x00000000eab00000)
  object space 96768K, 71% used [0x00000000c0000000,0x00000000c43a7d38,0x00000000c5e80000)
 Metaspace       used 76652K, committed 78144K, reserved 1179648K
  class space    used 8030K, committed 8704K, reserved 1048576K
}
Event: 27.864 GC heap before
{Heap before GC invocations=77 (full 5):
 PSYoungGen      total 19456K, used 19447K [0x00000000eab00000, 0x00000000ed480000, 0x0000000100000000)
  eden space 11776K, 100% used [0x00000000eab00000,0x00000000eb680000,0x00000000eb680000)
  from space 7680K, 99% used [0x00000000eb780000,0x00000000ebefddd0,0x00000000ebf00000)
  to   space 15360K, 0% used [0x00000000ec580000,0x00000000ec580000,0x00000000ed480000)
 ParOldGen       total 96768K, used 69279K [0x00000000c0000000, 0x00000000c5e80000, 0x00000000eab00000)
  object space 96768K, 71% used [0x00000000c0000000,0x00000000c43a7d38,0x00000000c5e80000)
 Metaspace       used 76771K, committed 78208K, reserved 1179648K
  class space    used 8031K, committed 8704K, reserved 1048576K
}
Event: 27.868 GC heap after
{Heap after GC invocations=77 (full 5):
 PSYoungGen      total 12288K, used 256K [0x00000000eab00000, 0x00000000ec600000, 0x0000000100000000)
  eden space 11776K, 0% used [0x00000000eab00000,0x00000000eab00000,0x00000000eb680000)
  from space 512K, 50% used [0x00000000ec580000,0x00000000ec5c0000,0x00000000ec600000)
  to   space 5632K, 0% used [0x00000000ebb00000,0x00000000ebb00000,0x00000000ec080000)
 ParOldGen       total 96768K, used 76841K [0x00000000c0000000, 0x00000000c5e80000, 0x00000000eab00000)
  object space 96768K, 79% used [0x00000000c0000000,0x00000000c4b0a6c8,0x00000000c5e80000)
 Metaspace       used 76771K, committed 78208K, reserved 1179648K
  class space    used 8031K, committed 8704K, reserved 1048576K
}
Event: 27.998 GC heap before
{Heap before GC invocations=78 (full 5):
 PSYoungGen      total 12288K, used 12031K [0x00000000eab00000, 0x00000000ec600000, 0x0000000100000000)
  eden space 11776K, 99% used [0x00000000eab00000,0x00000000eb67ff88,0x00000000eb680000)
  from space 512K, 50% used [0x00000000ec580000,0x00000000ec5c0000,0x00000000ec600000)
  to   space 5632K, 0% used [0x00000000ebb00000,0x00000000ebb00000,0x00000000ec080000)
 ParOldGen       total 96768K, used 76841K [0x00000000c0000000, 0x00000000c5e80000, 0x00000000eab00000)
  object space 96768K, 79% used [0x00000000c0000000,0x00000000c4b0a6c8,0x00000000c5e80000)
 Metaspace       used 76868K, committed 78336K, reserved 1179648K
  class space    used 8039K, committed 8704K, reserved 1048576K
}
Event: 28.000 GC heap after
{Heap after GC invocations=78 (full 5):
 PSYoungGen      total 17408K, used 725K [0x00000000eab00000, 0x00000000ec600000, 0x0000000100000000)
  eden space 11776K, 0% used [0x00000000eab00000,0x00000000eab00000,0x00000000eb680000)
  from space 5632K, 12% used [0x00000000ebb00000,0x00000000ebbb5788,0x00000000ec080000)
  to   space 1536K, 0% used [0x00000000ec480000,0x00000000ec480000,0x00000000ec600000)
 ParOldGen       total 96768K, used 76873K [0x00000000c0000000, 0x00000000c5e80000, 0x00000000eab00000)
  object space 96768K, 79% used [0x00000000c0000000,0x00000000c4b126c8,0x00000000c5e80000)
 Metaspace       used 76868K, committed 78336K, reserved 1179648K
  class space    used 8039K, committed 8704K, reserved 1048576K
}
Event: 28.080 GC heap before
{Heap before GC invocations=79 (full 5):
 PSYoungGen      total 17408K, used 12501K [0x00000000eab00000, 0x00000000ec600000, 0x0000000100000000)
  eden space 11776K, 100% used [0x00000000eab00000,0x00000000eb680000,0x00000000eb680000)
  from space 5632K, 12% used [0x00000000ebb00000,0x00000000ebbb5788,0x00000000ec080000)
  to   space 1536K, 0% used [0x00000000ec480000,0x00000000ec480000,0x00000000ec600000)
 ParOldGen       total 96768K, used 76873K [0x00000000c0000000, 0x00000000c5e80000, 0x00000000eab00000)
  object space 96768K, 79% used [0x00000000c0000000,0x00000000c4b126c8,0x00000000c5e80000)
 Metaspace       used 76917K, committed 78336K, reserved 1179648K
  class space    used 8040K, committed 8704K, reserved 1048576K
}
Event: 28.082 GC heap after
{Heap after GC invocations=79 (full 5):
 PSYoungGen      total 12800K, used 714K [0x00000000eab00000, 0x00000000ec580000, 0x0000000100000000)
  eden space 11776K, 0% used [0x00000000eab00000,0x00000000eab00000,0x00000000eb680000)
  from space 1024K, 69% used [0x00000000ec480000,0x00000000ec532950,0x00000000ec580000)
  to   space 1024K, 0% used [0x00000000ec380000,0x00000000ec380000,0x00000000ec480000)
 ParOldGen       total 96768K, used 77373K [0x00000000c0000000, 0x00000000c5e80000, 0x00000000eab00000)
  object space 96768K, 79% used [0x00000000c0000000,0x00000000c4b8f550,0x00000000c5e80000)
 Metaspace       used 76917K, committed 78336K, reserved 1179648K
  class space    used 8040K, committed 8704K, reserved 1048576K
}
Event: 28.662 GC heap before
{Heap before GC invocations=80 (full 5):
 PSYoungGen      total 12800K, used 12490K [0x00000000eab00000, 0x00000000ec580000, 0x0000000100000000)
  eden space 11776K, 100% used [0x00000000eab00000,0x00000000eb680000,0x00000000eb680000)
  from space 1024K, 69% used [0x00000000ec480000,0x00000000ec532950,0x00000000ec580000)
  to   space 1024K, 0% used [0x00000000ec380000,0x00000000ec380000,0x00000000ec480000)
 ParOldGen       total 96768K, used 77373K [0x00000000c0000000, 0x00000000c5e80000, 0x00000000eab00000)
  object space 96768K, 79% used [0x00000000c0000000,0x00000000c4b8f550,0x00000000c5e80000)
 Metaspace       used 77027K, committed 78464K, reserved 1179648K
  class space    used 8045K, committed 8704K, reserved 1048576K
}
Event: 28.664 GC heap after
{Heap after GC invocations=80 (full 5):
 PSYoungGen      total 12800K, used 340K [0x00000000eab00000, 0x00000000ec500000, 0x0000000100000000)
  eden space 11776K, 0% used [0x00000000eab00000,0x00000000eab00000,0x00000000eb680000)
  from space 1024K, 33% used [0x00000000ec380000,0x00000000ec3d5200,0x00000000ec480000)
  to   space 512K, 0% used [0x00000000ec480000,0x00000000ec480000,0x00000000ec500000)
 ParOldGen       total 96768K, used 77485K [0x00000000c0000000, 0x00000000c5e80000, 0x00000000eab00000)
  object space 96768K, 80% used [0x00000000c0000000,0x00000000c4bab570,0x00000000c5e80000)
 Metaspace       used 77027K, committed 78464K, reserved 1179648K
  class space    used 8045K, committed 8704K, reserved 1048576K
}
Event: 29.927 GC heap before
{Heap before GC invocations=81 (full 5):
 PSYoungGen      total 12800K, used 12116K [0x00000000eab00000, 0x00000000ec500000, 0x0000000100000000)
  eden space 11776K, 100% used [0x00000000eab00000,0x00000000eb680000,0x00000000eb680000)
  from space 1024K, 33% used [0x00000000ec380000,0x00000000ec3d5200,0x00000000ec480000)
  to   space 512K, 0% used [0x00000000ec480000,0x00000000ec480000,0x00000000ec500000)
 ParOldGen       total 96768K, used 77485K [0x00000000c0000000, 0x00000000c5e80000, 0x00000000eab00000)
  object space 96768K, 80% used [0x00000000c0000000,0x00000000c4bab570,0x00000000c5e80000)
 Metaspace       used 77302K, committed 78720K, reserved 1179648K
  class space    used 8094K, committed 8768K, reserved 1048576K
}
Event: 29.928 GC heap after
{Heap after GC invocations=81 (full 5):
 PSYoungGen      total 12288K, used 276K [0x00000000eab00000, 0x00000000ec500000, 0x0000000100000000)
  eden space 11776K, 0% used [0x00000000eab00000,0x00000000eab00000,0x00000000eb680000)
  from space 512K, 54% used [0x00000000ec480000,0x00000000ec4c5200,0x00000000ec500000)
  to   space 512K, 0% used [0x00000000ec400000,0x00000000ec400000,0x00000000ec480000)
 ParOldGen       total 96768K, used 77549K [0x00000000c0000000, 0x00000000c5e80000, 0x00000000eab00000)
  object space 96768K, 80% used [0x00000000c0000000,0x00000000c4bbb570,0x00000000c5e80000)
 Metaspace       used 77302K, committed 78720K, reserved 1179648K
  class space    used 8094K, committed 8768K, reserved 1048576K
}
Event: 30.858 GC heap before
{Heap before GC invocations=82 (full 5):
 PSYoungGen      total 12288K, used 12052K [0x00000000eab00000, 0x00000000ec500000, 0x0000000100000000)
  eden space 11776K, 100% used [0x00000000eab00000,0x00000000eb680000,0x00000000eb680000)
  from space 512K, 54% used [0x00000000ec480000,0x00000000ec4c5200,0x00000000ec500000)
  to   space 512K, 0% used [0x00000000ec400000,0x00000000ec400000,0x00000000ec480000)
 ParOldGen       total 96768K, used 77549K [0x00000000c0000000, 0x00000000c5e80000, 0x00000000eab00000)
  object space 96768K, 80% used [0x00000000c0000000,0x00000000c4bbb570,0x00000000c5e80000)
 Metaspace       used 77545K, committed 78976K, reserved 1179648K
  class space    used 8106K, committed 8768K, reserved 1048576K
}
Event: 30.860 GC heap after
{Heap after GC invocations=82 (full 5):
 PSYoungGen      total 12288K, used 500K [0x00000000eab00000, 0x00000000ec500000, 0x0000000100000000)
  eden space 11776K, 0% used [0x00000000eab00000,0x00000000eab00000,0x00000000eb680000)
  from space 512K, 97% used [0x00000000ec400000,0x00000000ec47d240,0x00000000ec480000)
  to   space 512K, 0% used [0x00000000ec480000,0x00000000ec480000,0x00000000ec500000)
 ParOldGen       total 96768K, used 79440K [0x00000000c0000000, 0x00000000c5e80000, 0x00000000eab00000)
  object space 96768K, 82% used [0x00000000c0000000,0x00000000c4d943b0,0x00000000c5e80000)
 Metaspace       used 77545K, committed 78976K, reserved 1179648K
  class space    used 8106K, committed 8768K, reserved 1048576K
}
Event: 30.905 GC heap before
{Heap before GC invocations=83 (full 5):
 PSYoungGen      total 12288K, used 12276K [0x00000000eab00000, 0x00000000ec500000, 0x0000000100000000)
  eden space 11776K, 100% used [0x00000000eab00000,0x00000000eb680000,0x00000000eb680000)
  from space 512K, 97% used [0x00000000ec400000,0x00000000ec47d240,0x00000000ec480000)
  to   space 512K, 0% used [0x00000000ec480000,0x00000000ec480000,0x00000000ec500000)
 ParOldGen       total 96768K, used 79440K [0x00000000c0000000, 0x00000000c5e80000, 0x00000000eab00000)
  object space 96768K, 82% used [0x00000000c0000000,0x00000000c4d943b0,0x00000000c5e80000)
 Metaspace       used 77595K, committed 79040K, reserved 1179648K
  class space    used 8108K, committed 8768K, reserved 1048576K
}
Event: 30.909 GC heap after
{Heap after GC invocations=83 (full 5):
 PSYoungGen      total 12288K, used 512K [0x00000000eab00000, 0x00000000ecc80000, 0x0000000100000000)
  eden space 11776K, 0% used [0x00000000eab00000,0x00000000eab00000,0x00000000eb680000)
  from space 512K, 100% used [0x00000000ec480000,0x00000000ec500000,0x00000000ec500000)
  to   space 11264K, 0% used [0x00000000eb680000,0x00000000eb680000,0x00000000ec180000)
 ParOldGen       total 96768K, used 88649K [0x00000000c0000000, 0x00000000c5e80000, 0x00000000eab00000)
  object space 96768K, 91% used [0x00000000c0000000,0x00000000c56925e0,0x00000000c5e80000)
 Metaspace       used 77595K, committed 79040K, reserved 1179648K
  class space    used 8108K, committed 8768K, reserved 1048576K
}
Event: 30.909 GC heap before
{Heap before GC invocations=84 (full 6):
 PSYoungGen      total 12288K, used 512K [0x00000000eab00000, 0x00000000ecc80000, 0x0000000100000000)
  eden space 11776K, 0% used [0x00000000eab00000,0x00000000eab00000,0x00000000eb680000)
  from space 512K, 100% used [0x00000000ec480000,0x00000000ec500000,0x00000000ec500000)
  to   space 11264K, 0% used [0x00000000eb680000,0x00000000eb680000,0x00000000ec180000)
 ParOldGen       total 96768K, used 88649K [0x00000000c0000000, 0x00000000c5e80000, 0x00000000eab00000)
  object space 96768K, 91% used [0x00000000c0000000,0x00000000c56925e0,0x00000000c5e80000)
 Metaspace       used 77595K, committed 79040K, reserved 1179648K
  class space    used 8108K, committed 8768K, reserved 1048576K
}

