# JRE version: OpenJDK Runtime Environment Temurin-17.0.10+7 (17.0.10+7) (build 17.0.10+7)
# Java VM: OpenJDK 64-Bit Server VM Temurin-17.0.10+7 (17.0.10+7, mixed mode, tiered, compressed oops, compressed class ptrs, parallel gc, windows-amd64)
GC Precious Log:
 CPUs: 8 total, 8 available
 Memory: 16118M
 Large Page Support: Disabled
 NUMA Support: Disabled
 Compressed Oops: Enabled (32-bit)
 Alignments: Space 512K, Generation 512K, Heap 2M
 Heap Min Capacity: 100M
 Heap Initial Capacity: 100M
 Heap Max Capacity: 1G
 Pre-touch: Disabled
 Parallel Workers: 8
Heap:
 PSYoungGen      total 2560K, used 2401K [0x00000000eab00000, 0x00000000eb180000, 0x0000000100000000)
  eden space 1536K, 90% used [0x00000000eab00000,0x00000000eac5c5d8,0x00000000eac80000)
  from space 1024K, 98% used [0x00000000eae80000,0x00000000eaf7c000,0x00000000eaf80000)
  to   space 2048K, 0% used [0x00000000eac80000,0x00000000eac80000,0x00000000eae80000)
 ParOldGen       total 95232K, used 87764K [0x00000000c0000000, 0x00000000c5d00000, 0x00000000eab00000)
  object space 95232K, 92% used [0x00000000c0000000,0x00000000c55b51a8,0x00000000c5d00000)
 Metaspace       used 80395K, committed 81856K, reserved 1179648K
  class space    used 8466K, committed 9088K, reserved 1048576K
GC Heap History (20 events):
Event: 96.694 GC heap before
{Heap before GC invocations=226 (full 8):
 PSYoungGen      total 3584K, used 3071K [0x00000000eab00000, 0x00000000eb100000, 0x0000000100000000)
  eden space 1536K, 99% used [0x00000000eab00000,0x00000000eac7ffe8,0x00000000eac80000)
  from space 2048K, 75% used [0x00000000eae80000,0x00000000eb000000,0x00000000eb080000)
  to   space 2048K, 0% used [0x00000000eac80000,0x00000000eac80000,0x00000000eae80000)
 ParOldGen       total 95232K, used 72329K [0x00000000c0000000, 0x00000000c5d00000, 0x00000000eab00000)
  object space 95232K, 75% used [0x00000000c0000000,0x00000000c46a2540,0x00000000c5d00000)
 Metaspace       used 80380K, committed 81792K, reserved 1179648K
  class space    used 8465K, committed 9088K, reserved 1048576K
}
Event: 96.697 GC heap after
{Heap after GC invocations=226 (full 8):
 PSYoungGen      total 3584K, used 1440K [0x00000000eab00000, 0x00000000eb000000, 0x0000000100000000)
  eden space 1536K, 0% used [0x00000000eab00000,0x00000000eab00000,0x00000000eac80000)
  from space 2048K, 70% used [0x00000000eac80000,0x00000000eade8000,0x00000000eae80000)
  to   space 1536K, 0% used [0x00000000eae80000,0x00000000eae80000,0x00000000eb000000)
 ParOldGen       total 95232K, used 73865K [0x00000000c0000000, 0x00000000c5d00000, 0x00000000eab00000)
  object space 95232K, 77% used [0x00000000c0000000,0x00000000c4822540,0x00000000c5d00000)
 Metaspace       used 80380K, committed 81792K, reserved 1179648K
  class space    used 8465K, committed 9088K, reserved 1048576K
}
Event: 96.701 GC heap before
{Heap before GC invocations=227 (full 8):
 PSYoungGen      total 3584K, used 2976K [0x00000000eab00000, 0x00000000eb000000, 0x0000000100000000)
  eden space 1536K, 100% used [0x00000000eab00000,0x00000000eac80000,0x00000000eac80000)
  from space 2048K, 70% used [0x00000000eac80000,0x00000000eade8000,0x00000000eae80000)
  to   space 1536K, 0% used [0x00000000eae80000,0x00000000eae80000,0x00000000eb000000)
 ParOldGen       total 95232K, used 73865K [0x00000000c0000000, 0x00000000c5d00000, 0x00000000eab00000)
  object space 95232K, 77% used [0x00000000c0000000,0x00000000c4822540,0x00000000c5d00000)
 Metaspace       used 80380K, committed 81792K, reserved 1179648K
  class space    used 8465K, committed 9088K, reserved 1048576K
}
Event: 96.704 GC heap after
{Heap after GC invocations=227 (full 8):
 PSYoungGen      total 3584K, used 1344K [0x00000000eab00000, 0x00000000eb000000, 0x0000000100000000)
  eden space 2048K, 0% used [0x00000000eab00000,0x00000000eab00000,0x00000000ead00000)
  from space 1536K, 87% used [0x00000000eae80000,0x00000000eafd0000,0x00000000eb000000)
  to   space 1536K, 0% used [0x00000000ead00000,0x00000000ead00000,0x00000000eae80000)
 ParOldGen       total 95232K, used 75233K [0x00000000c0000000, 0x00000000c5d00000, 0x00000000eab00000)
  object space 95232K, 79% used [0x00000000c0000000,0x00000000c4978540,0x00000000c5d00000)
 Metaspace       used 80380K, committed 81792K, reserved 1179648K
  class space    used 8465K, committed 9088K, reserved 1048576K
}
Event: 96.711 GC heap before
{Heap before GC invocations=228 (full 8):
 PSYoungGen      total 3584K, used 3392K [0x00000000eab00000, 0x00000000eb000000, 0x0000000100000000)
  eden space 2048K, 100% used [0x00000000eab00000,0x00000000ead00000,0x00000000ead00000)
  from space 1536K, 87% used [0x00000000eae80000,0x00000000eafd0000,0x00000000eb000000)
  to   space 1536K, 0% used [0x00000000ead00000,0x00000000ead00000,0x00000000eae80000)
 ParOldGen       total 95232K, used 75233K [0x00000000c0000000, 0x00000000c5d00000, 0x00000000eab00000)
  object space 95232K, 79% used [0x00000000c0000000,0x00000000c4978540,0x00000000c5d00000)
 Metaspace       used 80380K, committed 81792K, reserved 1179648K
  class space    used 8465K, committed 9088K, reserved 1048576K
}
Event: 96.715 GC heap after
{Heap after GC invocations=228 (full 8):
 PSYoungGen      total 3584K, used 1536K [0x00000000eab00000, 0x00000000eb480000, 0x0000000100000000)
  eden space 2048K, 0% used [0x00000000eab00000,0x00000000eab00000,0x00000000ead00000)
  from space 1536K, 100% used [0x00000000ead00000,0x00000000eae80000,0x00000000eae80000)
  to   space 3584K, 0% used [0x00000000eb100000,0x00000000eb100000,0x00000000eb480000)
 ParOldGen       total 95232K, used 76945K [0x00000000c0000000, 0x00000000c5d00000, 0x00000000eab00000)
  object space 95232K, 80% used [0x00000000c0000000,0x00000000c4b24540,0x00000000c5d00000)
 Metaspace       used 80380K, committed 81792K, reserved 1179648K
  class space    used 8465K, committed 9088K, reserved 1048576K
}
Event: 96.721 GC heap before
{Heap before GC invocations=229 (full 8):
 PSYoungGen      total 3584K, used 3583K [0x00000000eab00000, 0x00000000eb480000, 0x0000000100000000)
  eden space 2048K, 99% used [0x00000000eab00000,0x00000000eacffee0,0x00000000ead00000)
  from space 1536K, 100% used [0x00000000ead00000,0x00000000eae80000,0x00000000eae80000)
  to   space 3584K, 0% used [0x00000000eb100000,0x00000000eb100000,0x00000000eb480000)
 ParOldGen       total 95232K, used 76945K [0x00000000c0000000, 0x00000000c5d00000, 0x00000000eab00000)
  object space 95232K, 80% used [0x00000000c0000000,0x00000000c4b24540,0x00000000c5d00000)
 Metaspace       used 80380K, committed 81792K, reserved 1179648K
  class space    used 8465K, committed 9088K, reserved 1048576K
}
Event: 96.724 GC heap after
{Heap after GC invocations=229 (full 8):
 PSYoungGen      total 5120K, used 2080K [0x00000000eab00000, 0x00000000eb380000, 0x0000000100000000)
  eden space 2560K, 0% used [0x00000000eab00000,0x00000000eab00000,0x00000000ead80000)
  from space 2560K, 81% used [0x00000000eb100000,0x00000000eb308000,0x00000000eb380000)
  to   space 2560K, 0% used [0x00000000eae80000,0x00000000eae80000,0x00000000eb100000)
 ParOldGen       total 95232K, used 78529K [0x00000000c0000000, 0x00000000c5d00000, 0x00000000eab00000)
  object space 95232K, 82% used [0x00000000c0000000,0x00000000c4cb0540,0x00000000c5d00000)
 Metaspace       used 80380K, committed 81792K, reserved 1179648K
  class space    used 8465K, committed 9088K, reserved 1048576K
}
Event: 96.732 GC heap before
{Heap before GC invocations=230 (full 8):
 PSYoungGen      total 5120K, used 4566K [0x00000000eab00000, 0x00000000eb380000, 0x0000000100000000)
  eden space 2560K, 97% used [0x00000000eab00000,0x00000000ead6db98,0x00000000ead80000)
  from space 2560K, 81% used [0x00000000eb100000,0x00000000eb308000,0x00000000eb380000)
  to   space 2560K, 0% used [0x00000000eae80000,0x00000000eae80000,0x00000000eb100000)
 ParOldGen       total 95232K, used 78529K [0x00000000c0000000, 0x00000000c5d00000, 0x00000000eab00000)
  object space 95232K, 82% used [0x00000000c0000000,0x00000000c4cb0540,0x00000000c5d00000)
 Metaspace       used 80381K, committed 81856K, reserved 1179648K
  class space    used 8465K, committed 9088K, reserved 1048576K
}
Event: 96.735 GC heap after
{Heap after GC invocations=230 (full 8):
 PSYoungGen      total 5632K, used 2239K [0x00000000eab00000, 0x00000000eb300000, 0x0000000100000000)
  eden space 3072K, 0% used [0x00000000eab00000,0x00000000eab00000,0x00000000eae00000)
  from space 2560K, 87% used [0x00000000eae80000,0x00000000eb0afdf0,0x00000000eb100000)
  to   space 2048K, 0% used [0x00000000eb100000,0x00000000eb100000,0x00000000eb300000)
 ParOldGen       total 95232K, used 80465K [0x00000000c0000000, 0x00000000c5d00000, 0x00000000eab00000)
  object space 95232K, 84% used [0x00000000c0000000,0x00000000c4e94540,0x00000000c5d00000)
 Metaspace       used 80381K, committed 81856K, reserved 1179648K
  class space    used 8465K, committed 9088K, reserved 1048576K
}
Event: 96.741 GC heap before
{Heap before GC invocations=231 (full 8):
 PSYoungGen      total 5632K, used 4846K [0x00000000eab00000, 0x00000000eb300000, 0x0000000100000000)
  eden space 3072K, 84% used [0x00000000eab00000,0x00000000ead8bc60,0x00000000eae00000)
  from space 2560K, 87% used [0x00000000eae80000,0x00000000eb0afdf0,0x00000000eb100000)
  to   space 2048K, 0% used [0x00000000eb100000,0x00000000eb100000,0x00000000eb300000)
 ParOldGen       total 95232K, used 80465K [0x00000000c0000000, 0x00000000c5d00000, 0x00000000eab00000)
  object space 95232K, 84% used [0x00000000c0000000,0x00000000c4e94540,0x00000000c5d00000)
 Metaspace       used 80381K, committed 81856K, reserved 1179648K
  class space    used 8465K, committed 9088K, reserved 1048576K
}
Event: 96.743 GC heap after
{Heap after GC invocations=231 (full 8):
 PSYoungGen      total 3072K, used 2032K [0x00000000eab00000, 0x00000000eb900000, 0x0000000100000000)
  eden space 1024K, 0% used [0x00000000eab00000,0x00000000eab00000,0x00000000eac00000)
  from space 2048K, 99% used [0x00000000eb100000,0x00000000eb2fc088,0x00000000eb300000)
  to   space 5120K, 0% used [0x00000000eac00000,0x00000000eac00000,0x00000000eb100000)
 ParOldGen       total 95232K, used 82937K [0x00000000c0000000, 0x00000000c5d00000, 0x00000000eab00000)
  object space 95232K, 87% used [0x00000000c0000000,0x00000000c50fe4e0,0x00000000c5d00000)
 Metaspace       used 80381K, committed 81856K, reserved 1179648K
  class space    used 8465K, committed 9088K, reserved 1048576K
}
Event: 96.746 GC heap before
{Heap before GC invocations=232 (full 8):
 PSYoungGen      total 3072K, used 3049K [0x00000000eab00000, 0x00000000eb900000, 0x0000000100000000)
  eden space 1024K, 99% used [0x00000000eab00000,0x00000000eabfe3a0,0x00000000eac00000)
  from space 2048K, 99% used [0x00000000eb100000,0x00000000eb2fc088,0x00000000eb300000)
  to   space 5120K, 0% used [0x00000000eac00000,0x00000000eac00000,0x00000000eb100000)
 ParOldGen       total 95232K, used 82937K [0x00000000c0000000, 0x00000000c5d00000, 0x00000000eab00000)
  object space 95232K, 87% used [0x00000000c0000000,0x00000000c50fe4e0,0x00000000c5d00000)
 Metaspace       used 80381K, committed 81856K, reserved 1179648K
  class space    used 8465K, committed 9088K, reserved 1048576K
}
Event: 96.747 GC heap after
{Heap after GC invocations=232 (full 8):
 PSYoungGen      total 2560K, used 1168K [0x00000000eab00000, 0x00000000eb180000, 0x0000000100000000)
  eden space 1024K, 0% used [0x00000000eab00000,0x00000000eab00000,0x00000000eac00000)
  from space 1536K, 76% used [0x00000000eac00000,0x00000000ead24280,0x00000000ead80000)
  to   space 2560K, 0% used [0x00000000eaf00000,0x00000000eaf00000,0x00000000eb180000)
 ParOldGen       total 95232K, used 84966K [0x00000000c0000000, 0x00000000c5d00000, 0x00000000eab00000)
  object space 95232K, 89% used [0x00000000c0000000,0x00000000c52f9b48,0x00000000c5d00000)
 Metaspace       used 80381K, committed 81856K, reserved 1179648K
  class space    used 8465K, committed 9088K, reserved 1048576K
}
Event: 96.751 GC heap before
{Heap before GC invocations=233 (full 8):
 PSYoungGen      total 2560K, used 2192K [0x00000000eab00000, 0x00000000eb180000, 0x0000000100000000)
  eden space 1024K, 100% used [0x00000000eab00000,0x00000000eac00000,0x00000000eac00000)
  from space 1536K, 76% used [0x00000000eac00000,0x00000000ead24280,0x00000000ead80000)
  to   space 2560K, 0% used [0x00000000eaf00000,0x00000000eaf00000,0x00000000eb180000)
 ParOldGen       total 95232K, used 84966K [0x00000000c0000000, 0x00000000c5d00000, 0x00000000eab00000)
  object space 95232K, 89% used [0x00000000c0000000,0x00000000c52f9b48,0x00000000c5d00000)
 Metaspace       used 80382K, committed 81856K, reserved 1179648K
  class space    used 8465K, committed 9088K, reserved 1048576K
}
Event: 96.752 GC heap after
{Heap after GC invocations=233 (full 8):
 PSYoungGen      total 3072K, used 1057K [0x00000000eab00000, 0x00000000eb080000, 0x0000000100000000)
  eden space 1536K, 0% used [0x00000000eab00000,0x00000000eab00000,0x00000000eac80000)
  from space 1536K, 68% used [0x00000000eaf00000,0x00000000eb0087c0,0x00000000eb080000)
  to   space 1536K, 0% used [0x00000000ead80000,0x00000000ead80000,0x00000000eaf00000)
 ParOldGen       total 95232K, used 86001K [0x00000000c0000000, 0x00000000c5d00000, 0x00000000eab00000)
  object space 95232K, 90% used [0x00000000c0000000,0x00000000c53fc4c8,0x00000000c5d00000)
 Metaspace       used 80382K, committed 81856K, reserved 1179648K
  class space    used 8465K, committed 9088K, reserved 1048576K
}
Event: 96.759 GC heap before
{Heap before GC invocations=234 (full 8):
 PSYoungGen      total 3072K, used 2593K [0x00000000eab00000, 0x00000000eb080000, 0x0000000100000000)
  eden space 1536K, 100% used [0x00000000eab00000,0x00000000eac80000,0x00000000eac80000)
  from space 1536K, 68% used [0x00000000eaf00000,0x00000000eb0087c0,0x00000000eb080000)
  to   space 1536K, 0% used [0x00000000ead80000,0x00000000ead80000,0x00000000eaf00000)
 ParOldGen       total 95232K, used 86001K [0x00000000c0000000, 0x00000000c5d00000, 0x00000000eab00000)
  object space 95232K, 90% used [0x00000000c0000000,0x00000000c53fc4c8,0x00000000c5d00000)
 Metaspace       used 80383K, committed 81856K, reserved 1179648K
  class space    used 8465K, committed 9088K, reserved 1048576K
}
Event: 96.762 GC heap after
{Heap after GC invocations=234 (full 8):
 PSYoungGen      total 3072K, used 800K [0x00000000eab00000, 0x00000000eaf80000, 0x0000000100000000)
  eden space 2048K, 0% used [0x00000000eab00000,0x00000000eab00000,0x00000000ead00000)
  from space 1024K, 78% used [0x00000000ead80000,0x00000000eae48000,0x00000000eae80000)
  to   space 1024K, 0% used [0x00000000eae80000,0x00000000eae80000,0x00000000eaf80000)
 ParOldGen       total 95232K, used 86980K [0x00000000c0000000, 0x00000000c5d00000, 0x00000000eab00000)
  object space 95232K, 91% used [0x00000000c0000000,0x00000000c54f11a8,0x00000000c5d00000)
 Metaspace       used 80383K, committed 81856K, reserved 1179648K
  class space    used 8465K, committed 9088K, reserved 1048576K
}
Event: 96.766 GC heap before
{Heap before GC invocations=235 (full 8):
 PSYoungGen      total 3072K, used 2321K [0x00000000eab00000, 0x00000000eaf80000, 0x0000000100000000)
  eden space 2048K, 74% used [0x00000000eab00000,0x00000000eac7c5c8,0x00000000ead00000)
  from space 1024K, 78% used [0x00000000ead80000,0x00000000eae48000,0x00000000eae80000)
  to   space 1024K, 0% used [0x00000000eae80000,0x00000000eae80000,0x00000000eaf80000)
 ParOldGen       total 95232K, used 86980K [0x00000000c0000000, 0x00000000c5d00000, 0x00000000eab00000)
  object space 95232K, 91% used [0x00000000c0000000,0x00000000c54f11a8,0x00000000c5d00000)
 Metaspace       used 80385K, committed 81856K, reserved 1179648K
  class space    used 8465K, committed 9088K, reserved 1048576K
}
Event: 96.770 GC heap after
{Heap after GC invocations=235 (full 8):
 PSYoungGen      total 2560K, used 1008K [0x00000000eab00000, 0x00000000eb180000, 0x0000000100000000)
  eden space 1536K, 0% used [0x00000000eab00000,0x00000000eab00000,0x00000000eac80000)
  from space 1024K, 98% used [0x00000000eae80000,0x00000000eaf7c000,0x00000000eaf80000)
  to   space 2048K, 0% used [0x00000000eac80000,0x00000000eac80000,0x00000000eae80000)
 ParOldGen       total 95232K, used 87764K [0x00000000c0000000, 0x00000000c5d00000, 0x00000000eab00000)
  object space 95232K, 92% used [0x00000000c0000000,0x00000000c55b51a8,0x00000000c5d00000)
 Metaspace       used 80385K, committed 81856K, reserved 1179648K
  class space    used 8465K, committed 9088K, reserved 1048576K
}

